[ 2016-11-08T10:29:08+08:00 ] 192.168.56.1 /
INFO: [ app_init ] --START--
INFO: Run Behavior\BuildLiteBehavior [ RunTime:0.000017s ]
INFO: [ app_init ] --END-- [ RunTime:0.000081s ]
INFO: [ app_begin ] --START--
INFO: Run Behavior\ReadHtmlCacheBehavior [ RunTime:0.007900s ]
INFO: [ app_begin ] --END-- [ RunTime:0.007983s ]
SQL: SHOW COLUMNS FROM `think_config` [ RunTime:0.0008s ]
SQL: SELECT `title`,`keywords`,`description`,`image`,`conact`,`url`,`flink`,`carousel`,`sum`,`is_shard`,`copyright`,`icp`,`shard`,`code`,`date`,`site_show`,`status` FROM `think_config` LIMIT 1   [ RunTime:0.0002s ]
SQL: SHOW COLUMNS FROM `think_column` [ RunTime:0.0006s ]
SQL: SELECT `id`,`fid`,`title`,`name`,`type`,`uri`,`last`,`tpl` FROM `think_column` WHERE ( status=0 ) ORDER BY sort asc  [ RunTime:0.0003s ]
SQL: SELECT `id`,`fid`,`title`,`name`,`type`,`uri`,`last`,`tpl` FROM `think_column` WHERE ( status=0 ) ORDER BY sort asc  [ RunTime:0.0001s ]
SQL: SHOW COLUMNS FROM `think_article` [ RunTime:0.0028s ]
SQL: SELECT `id`,`gid`,`column_id`,`title`,`author`,`keywords`,`description`,`ico`,`image`,`file`,`content`,`extend`,`hits`,`com`,`hot`,`new`,`head`,`top`,`img`,`total`,`deplete`,`create_time`,`startTime`,`endTime`,`status` FROM `think_article` WHERE `com` = 1 AND `status` = 0 LIMIT 12   [ RunTime:0.0006s ]
SQL: SHOW COLUMNS FROM `think_carousel` [ RunTime:0.0007s ]
SQL: SELECT `title`,`url`,`description`,`image`,`sort`,`status`,`time` FROM `think_carousel` ORDER BY sort asc LIMIT 3   [ RunTime:0.0002s ]
INFO: [ view_parse ] --START--
INFO: [ template_filter ] --START--
INFO: Run Behavior\ContentReplaceBehavior [ RunTime:0.000137s ]
INFO: [ template_filter ] --END-- [ RunTime:0.000176s ]
NOTIC: [8] Undefined index: address /mnt/share/kunjue.com/Application/Runtime/Cache/Home/2a94b8bda04ff446dcedd42276fc99ee.php 第 177 行.
NOTIC: [8] Undefined index: phone /mnt/share/kunjue.com/Application/Runtime/Cache/Home/2a94b8bda04ff446dcedd42276fc99ee.php 第 178 行.
NOTIC: [8] Undefined index: tel /mnt/share/kunjue.com/Application/Runtime/Cache/Home/2a94b8bda04ff446dcedd42276fc99ee.php 第 179 行.
NOTIC: [8] Undefined index: email /mnt/share/kunjue.com/Application/Runtime/Cache/Home/2a94b8bda04ff446dcedd42276fc99ee.php 第 180 行.
INFO: Run Behavior\ParseTemplateBehavior [ RunTime:0.224164s ]
INFO: [ view_parse ] --END-- [ RunTime:0.224229s ]
INFO: [ view_filter ] --START--
INFO: Run Behavior\WriteHtmlCacheBehavior [ RunTime:0.023878s ]
INFO: [ view_filter ] --END-- [ RunTime:0.023930s ]
INFO: [ app_end ] --START--
INFO: Run Behavior\ShowPageTraceBehavior [ RunTime:0.008317s ]
INFO: [ app_end ] --END-- [ RunTime:0.008368s ]

[ 2016-11-08T10:29:10+08:00 ] 192.168.56.1 /favicon.ico
INFO: [ app_init ] --START--
INFO: Run Behavior\BuildLiteBehavior [ RunTime:0.000020s ]
INFO: [ app_init ] --END-- [ RunTime:0.000094s ]
INFO: [ app_begin ] --START--
INFO: Run Behavior\ReadHtmlCacheBehavior [ RunTime:0.006260s ]
INFO: [ app_begin ] --END-- [ RunTime:0.006325s ]
SQL: SHOW COLUMNS FROM `think_config` [ RunTime:0.0004s ]
SQL: SELECT `title`,`keywords`,`description`,`image`,`conact`,`url`,`flink`,`carousel`,`sum`,`is_shard`,`copyright`,`icp`,`shard`,`code`,`date`,`site_show`,`status` FROM `think_config` LIMIT 1   [ RunTime:0.0001s ]
SQL: SHOW COLUMNS FROM `think_column` [ RunTime:0.0002s ]
SQL: SELECT `id`,`fid`,`title`,`name`,`type`,`uri`,`last`,`tpl` FROM `think_column` WHERE ( status=0 ) ORDER BY sort asc  [ RunTime:0.0001s ]
SQL: SELECT `id`,`fid`,`title`,`type`,`uri`,`name`,`last`,`tpl` FROM `think_column` WHERE `status` = 0 AND `name` = 'favicon' ORDER BY sort asc LIMIT 1   [ RunTime:0.0002s ]
ERR: 1064:You have an error in your SQL syntax; check the manual that corresponds to your MySQL server version for the right syntax to use near ') ORDER BY sort asc' at line 1
 [ SQL语句 ] : SELECT `id`,`fid`,`title`,`name`,`type`,`uri`,`last`,`tpl` FROM `think_column` WHERE ( status=0 and fid= ) ORDER BY sort asc 
ERR: 1064:You have an error in your SQL syntax; check the manual that corresponds to your MySQL server version for the right syntax to use near ') ORDER BY sort asc' at line 1
 [ SQL语句 ] : SELECT `id`,`fid`,`title`,`name`,`type`,`uri`,`last`,`tpl` FROM `think_column` WHERE ( status=0 and fid= ) ORDER BY sort asc 

[ 2016-11-08T10:29:25+08:00 ] 192.168.56.1 /
INFO: [ app_init ] --START--
INFO: Run Behavior\BuildLiteBehavior [ RunTime:0.000016s ]
INFO: [ app_init ] --END-- [ RunTime:0.000089s ]
INFO: [ app_begin ] --START--
INFO: Run Behavior\ReadHtmlCacheBehavior [ RunTime:0.009127s ]
INFO: [ app_begin ] --END-- [ RunTime:0.009224s ]
SQL: SHOW COLUMNS FROM `think_config` [ RunTime:0.0004s ]
SQL: SELECT `title`,`keywords`,`description`,`image`,`conact`,`url`,`flink`,`carousel`,`sum`,`is_shard`,`copyright`,`icp`,`shard`,`code`,`date`,`site_show`,`status` FROM `think_config` LIMIT 1   [ RunTime:0.0001s ]
SQL: SHOW COLUMNS FROM `think_column` [ RunTime:0.0003s ]
SQL: SELECT `id`,`fid`,`title`,`name`,`type`,`uri`,`last`,`tpl` FROM `think_column` WHERE ( status=0 ) ORDER BY sort asc  [ RunTime:0.0001s ]
SQL: SELECT `id`,`fid`,`title`,`name`,`type`,`uri`,`last`,`tpl` FROM `think_column` WHERE ( status=0 ) ORDER BY sort asc  [ RunTime:0.0001s ]
SQL: SHOW COLUMNS FROM `think_article` [ RunTime:0.0012s ]
SQL: SELECT `id`,`gid`,`column_id`,`title`,`author`,`keywords`,`description`,`ico`,`image`,`file`,`content`,`extend`,`hits`,`com`,`hot`,`new`,`head`,`top`,`img`,`total`,`deplete`,`create_time`,`startTime`,`endTime`,`status` FROM `think_article` WHERE `com` = 1 AND `status` = 0 LIMIT 12   [ RunTime:0.0001s ]
SQL: SHOW COLUMNS FROM `think_carousel` [ RunTime:0.0004s ]
SQL: SELECT `title`,`url`,`description`,`image`,`sort`,`status`,`time` FROM `think_carousel` ORDER BY sort asc LIMIT 3   [ RunTime:0.0001s ]
INFO: [ view_parse ] --START--
INFO: [ template_filter ] --START--
INFO: Run Behavior\ContentReplaceBehavior [ RunTime:0.000143s ]
INFO: [ template_filter ] --END-- [ RunTime:0.000199s ]
NOTIC: [8] Undefined index: address /mnt/share/kunjue.com/Application/Runtime/Cache/Home/2a94b8bda04ff446dcedd42276fc99ee.php 第 177 行.
NOTIC: [8] Undefined index: phone /mnt/share/kunjue.com/Application/Runtime/Cache/Home/2a94b8bda04ff446dcedd42276fc99ee.php 第 178 行.
NOTIC: [8] Undefined index: tel /mnt/share/kunjue.com/Application/Runtime/Cache/Home/2a94b8bda04ff446dcedd42276fc99ee.php 第 179 行.
NOTIC: [8] Undefined index: email /mnt/share/kunjue.com/Application/Runtime/Cache/Home/2a94b8bda04ff446dcedd42276fc99ee.php 第 180 行.
INFO: Run Behavior\ParseTemplateBehavior [ RunTime:0.096232s ]
INFO: [ view_parse ] --END-- [ RunTime:0.096308s ]
INFO: [ view_filter ] --START--
INFO: Run Behavior\WriteHtmlCacheBehavior [ RunTime:0.008954s ]
INFO: [ view_filter ] --END-- [ RunTime:0.009004s ]
INFO: [ app_end ] --START--
INFO: Run Behavior\ShowPageTraceBehavior [ RunTime:0.011823s ]
INFO: [ app_end ] --END-- [ RunTime:0.011880s ]

[ 2016-11-08T10:29:59+08:00 ] 192.168.56.1 /detail/11.html
INFO: [ app_init ] --START--
INFO: Run Behavior\BuildLiteBehavior [ RunTime:0.000016s ]
INFO: [ app_init ] --END-- [ RunTime:0.000088s ]
INFO: [ app_begin ] --START--
INFO: Run Behavior\ReadHtmlCacheBehavior [ RunTime:0.007326s ]
INFO: [ app_begin ] --END-- [ RunTime:0.007406s ]
SQL: SHOW COLUMNS FROM `think_config` [ RunTime:0.0004s ]
SQL: SELECT `title`,`keywords`,`description`,`image`,`conact`,`url`,`flink`,`carousel`,`sum`,`is_shard`,`copyright`,`icp`,`shard`,`code`,`date`,`site_show`,`status` FROM `think_config` LIMIT 1   [ RunTime:0.0001s ]
SQL: SHOW COLUMNS FROM `think_column` [ RunTime:0.0003s ]
SQL: SELECT `id`,`fid`,`title`,`name`,`type`,`uri`,`last`,`tpl` FROM `think_column` WHERE ( status=0 ) ORDER BY sort asc  [ RunTime:0.0001s ]
SQL: SHOW COLUMNS FROM `think_article` [ RunTime:0.0003s ]
SQL: SELECT `column_id` FROM `think_article` WHERE `id` = 11 LIMIT 1   [ RunTime:0.0001s ]
SQL: SELECT `id`,`fid`,`title`,`name`,`type`,`uri`,`last`,`tpl` FROM `think_column` WHERE `id` = 30 LIMIT 1   [ RunTime:0.0001s ]
SQL: SELECT `id`,`fid`,`title`,`name`,`type`,`uri`,`last`,`tpl` FROM `think_column` WHERE ( status=0 ) ORDER BY sort asc  [ RunTime:0.0001s ]
SQL: SELECT `id`,`gid`,`column_id`,`title`,`author`,`keywords`,`description`,`ico`,`image`,`file`,`content`,`extend`,`hits`,`com`,`hot`,`new`,`head`,`top`,`img`,`total`,`deplete`,`create_time`,`startTime`,`endTime`,`status` FROM `think_article` WHERE `com` = 1 AND `status` = 0 LIMIT 12   [ RunTime:0.0001s ]
SQL: SHOW COLUMNS FROM `think_article` [ RunTime:0.0004s ]
SQL: SELECT `id`,`column_id`,`title`,`author`,`keywords`,`description`,`ico`,`image`,`file`,`content`,`extend`,`hits`,`com`,`hot`,`new`,`head`,`top`,`img`,`total`,`deplete`,`create_time`,`startTime`,`endTime`,`sort`,`status` FROM `think_article` WHERE `id` = 11 LIMIT 1   [ RunTime:0.0002s ]
SQL: SHOW COLUMNS FROM `think_article` [ RunTime:0.0003s ]
SQL: UPDATE `think_article` SET `hits`=hits+1 WHERE `id` = 11 [ RunTime:0.0001s ]
SQL: SELECT `id`,`title` FROM `think_article` WHERE `id` > '11' AND `column_id` = 30 ORDER BY id asc LIMIT 1   [ RunTime:0.0001s ]
SQL: SELECT `id`,`title` FROM `think_article` WHERE `id` < '11' AND `column_id` = 30 ORDER BY id desc LIMIT 1   [ RunTime:0.0001s ]
SQL: SELECT `id`,`title`,`name` FROM `think_column` WHERE `id` = 30 LIMIT 1   [ RunTime:0.0001s ]
INFO: [ view_parse ] --START--
INFO: [ template_filter ] --START--
INFO: Run Behavior\ContentReplaceBehavior [ RunTime:0.000084s ]
INFO: [ template_filter ] --END-- [ RunTime:0.000122s ]
NOTIC: [8] Undefined variable: detail /mnt/share/kunjue.com/Application/Runtime/Cache/Home/f1a9539c4bdb7ff6266c694d8062d94c.php 第 6 行.
NOTIC: [8] Undefined index: address /mnt/share/kunjue.com/Application/Runtime/Cache/Home/f1a9539c4bdb7ff6266c694d8062d94c.php 第 76 行.
NOTIC: [8] Undefined index: phone /mnt/share/kunjue.com/Application/Runtime/Cache/Home/f1a9539c4bdb7ff6266c694d8062d94c.php 第 77 行.
NOTIC: [8] Undefined index: tel /mnt/share/kunjue.com/Application/Runtime/Cache/Home/f1a9539c4bdb7ff6266c694d8062d94c.php 第 78 行.
NOTIC: [8] Undefined index: email /mnt/share/kunjue.com/Application/Runtime/Cache/Home/f1a9539c4bdb7ff6266c694d8062d94c.php 第 79 行.
INFO: Run Behavior\ParseTemplateBehavior [ RunTime:0.139627s ]
INFO: [ view_parse ] --END-- [ RunTime:0.139701s ]
INFO: [ view_filter ] --START--
INFO: Run Behavior\WriteHtmlCacheBehavior [ RunTime:0.007054s ]
INFO: [ view_filter ] --END-- [ RunTime:0.007094s ]
INFO: [ app_end ] --START--
INFO: Run Behavior\ShowPageTraceBehavior [ RunTime:0.006518s ]
INFO: [ app_end ] --END-- [ RunTime:0.006560s ]

[ 2016-11-08T10:30:12+08:00 ] 192.168.56.1 /
INFO: [ app_init ] --START--
INFO: Run Behavior\BuildLiteBehavior [ RunTime:0.000022s ]
INFO: [ app_init ] --END-- [ RunTime:0.000132s ]
INFO: [ app_begin ] --START--
INFO: Run Behavior\ReadHtmlCacheBehavior [ RunTime:0.006555s ]
INFO: [ app_begin ] --END-- [ RunTime:0.006619s ]
SQL: SHOW COLUMNS FROM `think_config` [ RunTime:0.0004s ]
SQL: SELECT `title`,`keywords`,`description`,`image`,`conact`,`url`,`flink`,`carousel`,`sum`,`is_shard`,`copyright`,`icp`,`shard`,`code`,`date`,`site_show`,`status` FROM `think_config` LIMIT 1   [ RunTime:0.0001s ]
SQL: SHOW COLUMNS FROM `think_column` [ RunTime:0.0003s ]
SQL: SELECT `id`,`fid`,`title`,`name`,`type`,`uri`,`last`,`tpl` FROM `think_column` WHERE ( status=0 ) ORDER BY sort asc  [ RunTime:0.0001s ]
SQL: SELECT `id`,`fid`,`title`,`name`,`type`,`uri`,`last`,`tpl` FROM `think_column` WHERE ( status=0 ) ORDER BY sort asc  [ RunTime:0.0001s ]
SQL: SHOW COLUMNS FROM `think_article` [ RunTime:0.0004s ]
SQL: SELECT `id`,`gid`,`column_id`,`title`,`author`,`keywords`,`description`,`ico`,`image`,`file`,`content`,`extend`,`hits`,`com`,`hot`,`new`,`head`,`top`,`img`,`total`,`deplete`,`create_time`,`startTime`,`endTime`,`status` FROM `think_article` WHERE `com` = 1 AND `status` = 0 LIMIT 12   [ RunTime:0.0002s ]
SQL: SHOW COLUMNS FROM `think_carousel` [ RunTime:0.0002s ]
SQL: SELECT `title`,`url`,`description`,`image`,`sort`,`status`,`time` FROM `think_carousel` ORDER BY sort asc LIMIT 3   [ RunTime:0.0000s ]
INFO: [ view_parse ] --START--
INFO: [ template_filter ] --START--
INFO: Run Behavior\ContentReplaceBehavior [ RunTime:0.000117s ]
INFO: [ template_filter ] --END-- [ RunTime:0.000156s ]
NOTIC: [8] Undefined index: address /mnt/share/kunjue.com/Application/Runtime/Cache/Home/2a94b8bda04ff446dcedd42276fc99ee.php 第 177 行.
NOTIC: [8] Undefined index: phone /mnt/share/kunjue.com/Application/Runtime/Cache/Home/2a94b8bda04ff446dcedd42276fc99ee.php 第 178 行.
NOTIC: [8] Undefined index: tel /mnt/share/kunjue.com/Application/Runtime/Cache/Home/2a94b8bda04ff446dcedd42276fc99ee.php 第 179 行.
NOTIC: [8] Undefined index: email /mnt/share/kunjue.com/Application/Runtime/Cache/Home/2a94b8bda04ff446dcedd42276fc99ee.php 第 180 行.
INFO: Run Behavior\ParseTemplateBehavior [ RunTime:0.078865s ]
INFO: [ view_parse ] --END-- [ RunTime:0.078927s ]
INFO: [ view_filter ] --START--
INFO: Run Behavior\WriteHtmlCacheBehavior [ RunTime:0.008759s ]
INFO: [ view_filter ] --END-- [ RunTime:0.008808s ]
INFO: [ app_end ] --START--
INFO: Run Behavior\ShowPageTraceBehavior [ RunTime:0.006905s ]
INFO: [ app_end ] --END-- [ RunTime:0.006961s ]

[ 2016-11-08T11:21:06+08:00 ] 192.168.56.1 /
INFO: [ app_init ] --START--
INFO: Run Behavior\BuildLiteBehavior [ RunTime:0.000015s ]
INFO: [ app_init ] --END-- [ RunTime:0.000078s ]
INFO: [ app_begin ] --START--
INFO: Run Behavior\ReadHtmlCacheBehavior [ RunTime:0.094916s ]
INFO: [ app_begin ] --END-- [ RunTime:0.094976s ]
SQL: SHOW COLUMNS FROM `think_config` [ RunTime:0.0005s ]
SQL: SELECT `title`,`keywords`,`description`,`image`,`conact`,`url`,`flink`,`carousel`,`sum`,`is_shard`,`copyright`,`icp`,`shard`,`code`,`date`,`site_show`,`status` FROM `think_config` LIMIT 1   [ RunTime:0.0001s ]
SQL: SHOW COLUMNS FROM `think_column` [ RunTime:0.0003s ]
SQL: SELECT `id`,`fid`,`title`,`name`,`type`,`uri`,`last`,`tpl` FROM `think_column` WHERE ( status=0 ) ORDER BY sort asc  [ RunTime:0.0001s ]
SQL: SELECT `id`,`fid`,`title`,`name`,`type`,`uri`,`last`,`tpl` FROM `think_column` WHERE ( status=0 ) ORDER BY sort asc  [ RunTime:0.0001s ]
SQL: SHOW COLUMNS FROM `think_article` [ RunTime:0.0005s ]
SQL: SELECT `id`,`gid`,`column_id`,`title`,`author`,`keywords`,`description`,`ico`,`image`,`file`,`content`,`extend`,`hits`,`com`,`hot`,`new`,`head`,`top`,`img`,`total`,`deplete`,`create_time`,`startTime`,`endTime`,`status` FROM `think_article` WHERE `com` = 1 AND `status` = 0 LIMIT 12   [ RunTime:0.0001s ]
SQL: SHOW COLUMNS FROM `think_carousel` [ RunTime:0.0002s ]
SQL: SELECT `title`,`url`,`description`,`image`,`sort`,`status`,`time` FROM `think_carousel` ORDER BY sort asc LIMIT 3   [ RunTime:0.0001s ]
INFO: [ view_parse ] --START--
INFO: [ template_filter ] --START--
INFO: Run Behavior\ContentReplaceBehavior [ RunTime:0.000101s ]
INFO: [ template_filter ] --END-- [ RunTime:0.000144s ]
NOTIC: [8] Undefined index: address /mnt/share/kunjue.com/Application/Runtime/Cache/Home/2a94b8bda04ff446dcedd42276fc99ee.php 第 177 行.
NOTIC: [8] Undefined index: phone /mnt/share/kunjue.com/Application/Runtime/Cache/Home/2a94b8bda04ff446dcedd42276fc99ee.php 第 178 行.
NOTIC: [8] Undefined index: tel /mnt/share/kunjue.com/Application/Runtime/Cache/Home/2a94b8bda04ff446dcedd42276fc99ee.php 第 179 行.
NOTIC: [8] Undefined index: email /mnt/share/kunjue.com/Application/Runtime/Cache/Home/2a94b8bda04ff446dcedd42276fc99ee.php 第 180 行.
INFO: Run Behavior\ParseTemplateBehavior [ RunTime:1.145079s ]
INFO: [ view_parse ] --END-- [ RunTime:1.145144s ]
INFO: [ view_filter ] --START--
INFO: Run Behavior\WriteHtmlCacheBehavior [ RunTime:0.037202s ]
INFO: [ view_filter ] --END-- [ RunTime:0.037273s ]
INFO: [ app_end ] --START--
INFO: Run Behavior\ShowPageTraceBehavior [ RunTime:0.010379s ]
INFO: [ app_end ] --END-- [ RunTime:0.010443s ]

[ 2016-11-08T11:22:10+08:00 ] 192.168.56.1 /
INFO: [ app_init ] --START--
INFO: Run Behavior\BuildLiteBehavior [ RunTime:0.000013s ]
INFO: [ app_init ] --END-- [ RunTime:0.000068s ]
INFO: [ app_begin ] --START--
INFO: Run Behavior\ReadHtmlCacheBehavior [ RunTime:0.006141s ]
INFO: [ app_begin ] --END-- [ RunTime:0.006190s ]
SQL: SHOW COLUMNS FROM `think_config` [ RunTime:0.0004s ]
SQL: SELECT `title`,`keywords`,`description`,`image`,`conact`,`url`,`flink`,`carousel`,`sum`,`is_shard`,`copyright`,`icp`,`shard`,`code`,`date`,`site_show`,`status` FROM `think_config` LIMIT 1   [ RunTime:0.0001s ]
SQL: SHOW COLUMNS FROM `think_column` [ RunTime:0.0003s ]
SQL: SELECT `id`,`fid`,`title`,`name`,`type`,`uri`,`last`,`tpl` FROM `think_column` WHERE ( status=0 ) ORDER BY sort asc  [ RunTime:0.0001s ]
SQL: SELECT `id`,`fid`,`title`,`name`,`type`,`uri`,`last`,`tpl` FROM `think_column` WHERE ( status=0 ) ORDER BY sort asc  [ RunTime:0.0001s ]
SQL: SHOW COLUMNS FROM `think_article` [ RunTime:0.0004s ]
SQL: SELECT `id`,`gid`,`column_id`,`title`,`author`,`keywords`,`description`,`ico`,`image`,`file`,`content`,`extend`,`hits`,`com`,`hot`,`new`,`head`,`top`,`img`,`total`,`deplete`,`create_time`,`startTime`,`endTime`,`status` FROM `think_article` WHERE `com` = 1 AND `status` = 0 LIMIT 12   [ RunTime:0.0001s ]
SQL: SHOW COLUMNS FROM `think_carousel` [ RunTime:0.0003s ]
SQL: SELECT `title`,`url`,`description`,`image`,`sort`,`status`,`time` FROM `think_carousel` ORDER BY sort asc LIMIT 3   [ RunTime:0.0001s ]
INFO: [ view_parse ] --START--
INFO: [ template_filter ] --START--
INFO: Run Behavior\ContentReplaceBehavior [ RunTime:0.000228s ]
INFO: [ template_filter ] --END-- [ RunTime:0.000294s ]
NOTIC: [8] Undefined index: address /mnt/share/kunjue.com/Application/Runtime/Cache/Home/2a94b8bda04ff446dcedd42276fc99ee.php 第 177 行.
NOTIC: [8] Undefined index: phone /mnt/share/kunjue.com/Application/Runtime/Cache/Home/2a94b8bda04ff446dcedd42276fc99ee.php 第 178 行.
NOTIC: [8] Undefined index: tel /mnt/share/kunjue.com/Application/Runtime/Cache/Home/2a94b8bda04ff446dcedd42276fc99ee.php 第 179 行.
NOTIC: [8] Undefined index: email /mnt/share/kunjue.com/Application/Runtime/Cache/Home/2a94b8bda04ff446dcedd42276fc99ee.php 第 180 行.
INFO: Run Behavior\ParseTemplateBehavior [ RunTime:0.074368s ]
INFO: [ view_parse ] --END-- [ RunTime:0.074432s ]
INFO: [ view_filter ] --START--
INFO: Run Behavior\WriteHtmlCacheBehavior [ RunTime:0.006696s ]
INFO: [ view_filter ] --END-- [ RunTime:0.006734s ]
INFO: [ app_end ] --START--
INFO: Run Behavior\ShowPageTraceBehavior [ RunTime:0.006945s ]
INFO: [ app_end ] --END-- [ RunTime:0.006998s ]

