[ 2016-10-17T13:05:30+08:00 ] 192.168.188.184 /
INFO: [ app_init ] --START--
INFO: Run Behavior\BuildLiteBehavior [ RunTime:0.000015s ]
INFO: [ app_init ] --END-- [ RunTime:0.000072s ]
INFO: [ app_begin ] --START--
INFO: Run Behavior\ReadHtmlCacheBehavior [ RunTime:0.007727s ]
INFO: [ app_begin ] --END-- [ RunTime:0.007782s ]
SQL: SHOW COLUMNS FROM `think_config` [ RunTime:0.0004s ]
SQL: SELECT `title`,`keywords`,`description`,`conact`,`url`,`flink`,`carousel`,`sum`,`copyright`,`icp`,`shard`,`code`,`date`,`site_show`,`status` FROM `think_config` LIMIT 1   [ RunTime:0.0001s ]
SQL: SHOW COLUMNS FROM `think_column` [ RunTime:0.0003s ]
SQL: SELECT `id`,`fid`,`title`,`name`,`type`,`uri`,`last`,`tpl` FROM `think_column` WHERE ( status=0 ) ORDER BY sort asc  [ RunTime:0.0002s ]
SQL: SELECT `id`,`fid`,`title`,`name`,`type`,`uri`,`last`,`tpl` FROM `think_column` WHERE ( status=0 ) ORDER BY sort asc  [ RunTime:0.0001s ]
SQL: SHOW COLUMNS FROM `think_article` [ RunTime:0.0004s ]
SQL: SELECT `id`,`gid`,`column_id`,`title`,`author`,`keywords`,`description`,`ico`,`image`,`file`,`content`,`extend`,`hits`,`com`,`hot`,`new`,`head`,`top`,`img`,`total`,`deplete`,`create_time`,`startTime`,`endTime`,`status` FROM `think_article` WHERE `com` = 1 AND `status` = 0 LIMIT 12   [ RunTime:0.0001s ]
SQL: SHOW COLUMNS FROM `think_carousel` [ RunTime:0.0003s ]
SQL: SELECT `title`,`url`,`description`,`image`,`sort`,`status`,`time` FROM `think_carousel` ORDER BY sort asc LIMIT 3   [ RunTime:0.0001s ]
INFO: [ view_parse ] --START--
INFO: [ template_filter ] --START--
INFO: Run Behavior\ContentReplaceBehavior [ RunTime:0.000098s ]
INFO: [ template_filter ] --END-- [ RunTime:0.000134s ]
NOTIC: [8] Undefined index: image /mnt/share/kunjue.com/Application/Runtime/Cache/Home/2a94b8bda04ff446dcedd42276fc99ee.php 第 26 行.
NOTIC: [8] Undefined index: address /mnt/share/kunjue.com/Application/Runtime/Cache/Home/2a94b8bda04ff446dcedd42276fc99ee.php 第 177 行.
NOTIC: [8] Undefined index: phone /mnt/share/kunjue.com/Application/Runtime/Cache/Home/2a94b8bda04ff446dcedd42276fc99ee.php 第 178 行.
NOTIC: [8] Undefined index: tel /mnt/share/kunjue.com/Application/Runtime/Cache/Home/2a94b8bda04ff446dcedd42276fc99ee.php 第 179 行.
NOTIC: [8] Undefined index: email /mnt/share/kunjue.com/Application/Runtime/Cache/Home/2a94b8bda04ff446dcedd42276fc99ee.php 第 180 行.
INFO: Run Behavior\ParseTemplateBehavior [ RunTime:0.187231s ]
INFO: [ view_parse ] --END-- [ RunTime:0.187271s ]
INFO: [ view_filter ] --START--
INFO: Run Behavior\WriteHtmlCacheBehavior [ RunTime:0.055400s ]
INFO: [ view_filter ] --END-- [ RunTime:0.055484s ]
INFO: [ app_end ] --START--
INFO: Run Behavior\ShowPageTraceBehavior [ RunTime:0.038237s ]
INFO: [ app_end ] --END-- [ RunTime:0.038349s ]

[ 2016-10-17T13:05:31+08:00 ] 192.168.188.184 /favicon.ico
INFO: [ app_init ] --START--
INFO: Run Behavior\BuildLiteBehavior [ RunTime:0.000010s ]
INFO: [ app_init ] --END-- [ RunTime:0.000049s ]
INFO: [ app_begin ] --START--
INFO: Run Behavior\ReadHtmlCacheBehavior [ RunTime:0.006221s ]
INFO: [ app_begin ] --END-- [ RunTime:0.006271s ]
SQL: SHOW COLUMNS FROM `think_config` [ RunTime:0.0003s ]
SQL: SELECT `title`,`keywords`,`description`,`conact`,`url`,`flink`,`carousel`,`sum`,`copyright`,`icp`,`shard`,`code`,`date`,`site_show`,`status` FROM `think_config` LIMIT 1   [ RunTime:0.0000s ]
SQL: SHOW COLUMNS FROM `think_column` [ RunTime:0.0003s ]
SQL: SELECT `id`,`fid`,`title`,`name`,`type`,`uri`,`last`,`tpl` FROM `think_column` WHERE ( status=0 ) ORDER BY sort asc  [ RunTime:0.0000s ]
SQL: SELECT `id`,`fid`,`title`,`type`,`uri`,`name`,`last`,`tpl` FROM `think_column` WHERE `status` = 0 AND `name` = 'favicon' ORDER BY sort asc LIMIT 1   [ RunTime:0.0002s ]
ERR: 1064:You have an error in your SQL syntax; check the manual that corresponds to your MySQL server version for the right syntax to use near ') ORDER BY sort asc' at line 1
 [ SQL语句 ] : SELECT `id`,`fid`,`title`,`name`,`type`,`uri`,`last`,`tpl` FROM `think_column` WHERE ( status=0 and fid= ) ORDER BY sort asc 
ERR: 1064:You have an error in your SQL syntax; check the manual that corresponds to your MySQL server version for the right syntax to use near ') ORDER BY sort asc' at line 1
 [ SQL语句 ] : SELECT `id`,`fid`,`title`,`name`,`type`,`uri`,`last`,`tpl` FROM `think_column` WHERE ( status=0 and fid= ) ORDER BY sort asc 

[ 2016-10-17T13:05:36+08:00 ] 192.168.188.184 /case.html
INFO: [ app_init ] --START--
INFO: Run Behavior\BuildLiteBehavior [ RunTime:0.000013s ]
INFO: [ app_init ] --END-- [ RunTime:0.000062s ]
INFO: [ app_begin ] --START--
INFO: Run Behavior\ReadHtmlCacheBehavior [ RunTime:0.006786s ]
INFO: [ app_begin ] --END-- [ RunTime:0.006830s ]
SQL: SHOW COLUMNS FROM `think_config` [ RunTime:0.0003s ]
SQL: SELECT `title`,`keywords`,`description`,`conact`,`url`,`flink`,`carousel`,`sum`,`copyright`,`icp`,`shard`,`code`,`date`,`site_show`,`status` FROM `think_config` LIMIT 1   [ RunTime:0.0000s ]
SQL: SHOW COLUMNS FROM `think_column` [ RunTime:0.0003s ]
SQL: SELECT `id`,`fid`,`title`,`name`,`type`,`uri`,`last`,`tpl` FROM `think_column` WHERE ( status=0 ) ORDER BY sort asc  [ RunTime:0.0000s ]
SQL: SELECT `id`,`fid`,`title`,`type`,`uri`,`name`,`last`,`tpl` FROM `think_column` WHERE `status` = 0 AND `name` = 'case' ORDER BY sort asc LIMIT 1   [ RunTime:0.0001s ]
SQL: SELECT `id`,`fid`,`title`,`name`,`type`,`uri`,`last`,`tpl` FROM `think_column` WHERE ( status=0 and fid=5 ) ORDER BY sort asc  [ RunTime:0.0002s ]
SQL: SELECT `id`,`fid`,`title`,`name`,`type`,`uri`,`last`,`tpl` FROM `think_column` WHERE ( status=0 ) ORDER BY sort asc  [ RunTime:0.0001s ]
SQL: SHOW COLUMNS FROM `think_article` [ RunTime:0.0003s ]
SQL: SELECT `id`,`gid`,`column_id`,`title`,`author`,`keywords`,`description`,`ico`,`image`,`file`,`content`,`extend`,`hits`,`com`,`hot`,`new`,`head`,`top`,`img`,`total`,`deplete`,`create_time`,`startTime`,`endTime`,`status` FROM `think_article` WHERE `com` = 1 AND `status` = 0 LIMIT 12   [ RunTime:0.0000s ]
SQL: SELECT `id`,`title` FROM `think_column` WHERE `name` = 'outsourcing' LIMIT 1   [ RunTime:0.0001s ]
SQL: SELECT COUNT(*) AS tp_count FROM `think_article` WHERE `column_id` = 6 LIMIT 1   [ RunTime:0.0004s ]
SQL: SELECT * FROM `think_article` WHERE `column_id` = 6 ORDER BY sort asc,create_time desc LIMIT 0,5   [ RunTime:0.0005s ]
SQL: SHOW COLUMNS FROM `think_carousel` [ RunTime:0.0011s ]
SQL: SELECT `title`,`url`,`description`,`image`,`sort`,`status`,`time` FROM `think_carousel` ORDER BY sort asc LIMIT 3   [ RunTime:0.0002s ]
INFO: [ view_parse ] --START--
INFO: [ template_filter ] --START--
INFO: Run Behavior\ContentReplaceBehavior [ RunTime:0.000079s ]
INFO: [ template_filter ] --END-- [ RunTime:0.000112s ]
NOTIC: [8] Undefined index: image /mnt/share/kunjue.com/Application/Runtime/Cache/Home/c26d2cb935f08bf20a3cf6a7f962c54d.php 第 26 行.
NOTIC: [8] Undefined index: address /mnt/share/kunjue.com/Application/Runtime/Cache/Home/c26d2cb935f08bf20a3cf6a7f962c54d.php 第 93 行.
NOTIC: [8] Undefined index: phone /mnt/share/kunjue.com/Application/Runtime/Cache/Home/c26d2cb935f08bf20a3cf6a7f962c54d.php 第 94 行.
NOTIC: [8] Undefined index: tel /mnt/share/kunjue.com/Application/Runtime/Cache/Home/c26d2cb935f08bf20a3cf6a7f962c54d.php 第 95 行.
NOTIC: [8] Undefined index: email /mnt/share/kunjue.com/Application/Runtime/Cache/Home/c26d2cb935f08bf20a3cf6a7f962c54d.php 第 96 行.
INFO: Run Behavior\ParseTemplateBehavior [ RunTime:0.103349s ]
INFO: [ view_parse ] --END-- [ RunTime:0.103412s ]
INFO: [ view_filter ] --START--
INFO: Run Behavior\WriteHtmlCacheBehavior [ RunTime:0.006543s ]
INFO: [ view_filter ] --END-- [ RunTime:0.006584s ]
INFO: [ app_end ] --START--
INFO: Run Behavior\ShowPageTraceBehavior [ RunTime:0.006917s ]
INFO: [ app_end ] --END-- [ RunTime:0.006976s ]

