[ 2016-10-24T11:02:31+08:00 ] 192.168.188.184 /
INFO: [ app_init ] --START--
INFO: Run Behavior\BuildLiteBehavior [ RunTime:0.000011s ]
INFO: [ app_init ] --END-- [ RunTime:0.000054s ]
INFO: [ app_begin ] --START--
INFO: Run Behavior\ReadHtmlCacheBehavior [ RunTime:0.007551s ]
INFO: [ app_begin ] --END-- [ RunTime:0.007605s ]
SQL: SHOW COLUMNS FROM `think_config` [ RunTime:0.0005s ]
SQL: SELECT `title`,`keywords`,`description`,`image`,`conact`,`url`,`flink`,`carousel`,`sum`,`is_shard`,`copyright`,`icp`,`shard`,`code`,`date`,`site_show`,`status` FROM `think_config` LIMIT 1   [ RunTime:0.0001s ]
SQL: SHOW COLUMNS FROM `think_column` [ RunTime:0.0004s ]
SQL: SELECT `id`,`fid`,`title`,`name`,`type`,`uri`,`last`,`tpl` FROM `think_column` WHERE ( status=0 ) ORDER BY sort asc  [ RunTime:0.0001s ]
SQL: SELECT `id`,`fid`,`title`,`name`,`type`,`uri`,`last`,`tpl` FROM `think_column` WHERE ( status=0 ) ORDER BY sort asc  [ RunTime:0.0001s ]
SQL: SHOW COLUMNS FROM `think_article` [ RunTime:0.0006s ]
SQL: SELECT `id`,`gid`,`column_id`,`title`,`author`,`keywords`,`description`,`ico`,`image`,`file`,`content`,`extend`,`hits`,`com`,`hot`,`new`,`head`,`top`,`img`,`total`,`deplete`,`create_time`,`startTime`,`endTime`,`status` FROM `think_article` WHERE `com` = 1 AND `status` = 0 LIMIT 12   [ RunTime:0.0001s ]
SQL: SHOW COLUMNS FROM `think_carousel` [ RunTime:0.0004s ]
SQL: SELECT `title`,`url`,`description`,`image`,`sort`,`status`,`time` FROM `think_carousel` ORDER BY sort asc LIMIT 3   [ RunTime:0.0001s ]
INFO: [ view_parse ] --START--
INFO: [ template_filter ] --START--
INFO: Run Behavior\ContentReplaceBehavior [ RunTime:0.000093s ]
INFO: [ template_filter ] --END-- [ RunTime:0.000128s ]
NOTIC: [8] Undefined index: address /mnt/share/kunjue.com/Application/Runtime/Cache/Home/2a94b8bda04ff446dcedd42276fc99ee.php 第 177 行.
NOTIC: [8] Undefined index: phone /mnt/share/kunjue.com/Application/Runtime/Cache/Home/2a94b8bda04ff446dcedd42276fc99ee.php 第 178 行.
NOTIC: [8] Undefined index: tel /mnt/share/kunjue.com/Application/Runtime/Cache/Home/2a94b8bda04ff446dcedd42276fc99ee.php 第 179 行.
NOTIC: [8] Undefined index: email /mnt/share/kunjue.com/Application/Runtime/Cache/Home/2a94b8bda04ff446dcedd42276fc99ee.php 第 180 行.
INFO: Run Behavior\ParseTemplateBehavior [ RunTime:0.198977s ]
INFO: [ view_parse ] --END-- [ RunTime:0.199023s ]
INFO: [ view_filter ] --START--
INFO: Run Behavior\WriteHtmlCacheBehavior [ RunTime:0.050354s ]
INFO: [ view_filter ] --END-- [ RunTime:0.050395s ]
INFO: [ app_end ] --START--
INFO: Run Behavior\ShowPageTraceBehavior [ RunTime:0.008825s ]
INFO: [ app_end ] --END-- [ RunTime:0.008868s ]

[ 2016-10-24T11:02:32+08:00 ] 192.168.188.184 /favicon.ico
INFO: [ app_init ] --START--
INFO: Run Behavior\BuildLiteBehavior [ RunTime:0.000012s ]
INFO: [ app_init ] --END-- [ RunTime:0.000059s ]
INFO: [ app_begin ] --START--
INFO: Run Behavior\ReadHtmlCacheBehavior [ RunTime:0.006929s ]
INFO: [ app_begin ] --END-- [ RunTime:0.006996s ]
SQL: SHOW COLUMNS FROM `think_config` [ RunTime:0.0005s ]
SQL: SELECT `title`,`keywords`,`description`,`image`,`conact`,`url`,`flink`,`carousel`,`sum`,`is_shard`,`copyright`,`icp`,`shard`,`code`,`date`,`site_show`,`status` FROM `think_config` LIMIT 1   [ RunTime:0.0001s ]
SQL: SHOW COLUMNS FROM `think_column` [ RunTime:0.0004s ]
SQL: SELECT `id`,`fid`,`title`,`name`,`type`,`uri`,`last`,`tpl` FROM `think_column` WHERE ( status=0 ) ORDER BY sort asc  [ RunTime:0.0001s ]
SQL: SELECT `id`,`fid`,`title`,`type`,`uri`,`name`,`last`,`tpl` FROM `think_column` WHERE `status` = 0 AND `name` = 'favicon' ORDER BY sort asc LIMIT 1   [ RunTime:0.0000s ]
ERR: 1064:You have an error in your SQL syntax; check the manual that corresponds to your MySQL server version for the right syntax to use near ') ORDER BY sort asc' at line 1
 [ SQL语句 ] : SELECT `id`,`fid`,`title`,`name`,`type`,`uri`,`last`,`tpl` FROM `think_column` WHERE ( status=0 and fid= ) ORDER BY sort asc 
ERR: 1064:You have an error in your SQL syntax; check the manual that corresponds to your MySQL server version for the right syntax to use near ') ORDER BY sort asc' at line 1
 [ SQL语句 ] : SELECT `id`,`fid`,`title`,`name`,`type`,`uri`,`last`,`tpl` FROM `think_column` WHERE ( status=0 and fid= ) ORDER BY sort asc 

[ 2016-10-24T11:03:20+08:00 ] 192.168.188.184 /
INFO: [ app_init ] --START--
INFO: Run Behavior\BuildLiteBehavior [ RunTime:0.000011s ]
INFO: [ app_init ] --END-- [ RunTime:0.000061s ]
INFO: [ app_begin ] --START--
INFO: Run Behavior\ReadHtmlCacheBehavior [ RunTime:0.009366s ]
INFO: [ app_begin ] --END-- [ RunTime:0.009420s ]
SQL: SHOW COLUMNS FROM `think_config` [ RunTime:0.0005s ]
SQL: SELECT `title`,`keywords`,`description`,`image`,`conact`,`url`,`flink`,`carousel`,`sum`,`is_shard`,`copyright`,`icp`,`shard`,`code`,`date`,`site_show`,`status` FROM `think_config` LIMIT 1   [ RunTime:0.0001s ]
SQL: SHOW COLUMNS FROM `think_column` [ RunTime:0.0004s ]
SQL: SELECT `id`,`fid`,`title`,`name`,`type`,`uri`,`last`,`tpl` FROM `think_column` WHERE ( status=0 ) ORDER BY sort asc  [ RunTime:0.0002s ]
SQL: SELECT `id`,`fid`,`title`,`name`,`type`,`uri`,`last`,`tpl` FROM `think_column` WHERE ( status=0 ) ORDER BY sort asc  [ RunTime:0.0002s ]
SQL: SHOW COLUMNS FROM `think_article` [ RunTime:0.0007s ]
SQL: SELECT `id`,`gid`,`column_id`,`title`,`author`,`keywords`,`description`,`ico`,`image`,`file`,`content`,`extend`,`hits`,`com`,`hot`,`new`,`head`,`top`,`img`,`total`,`deplete`,`create_time`,`startTime`,`endTime`,`status` FROM `think_article` WHERE `com` = 1 AND `status` = 0 LIMIT 12   [ RunTime:0.0001s ]
SQL: SHOW COLUMNS FROM `think_carousel` [ RunTime:0.0003s ]
SQL: SELECT `title`,`url`,`description`,`image`,`sort`,`status`,`time` FROM `think_carousel` ORDER BY sort asc LIMIT 3   [ RunTime:0.0001s ]
INFO: [ view_parse ] --START--
INFO: [ template_filter ] --START--
INFO: Run Behavior\ContentReplaceBehavior [ RunTime:0.000093s ]
INFO: [ template_filter ] --END-- [ RunTime:0.000128s ]
NOTIC: [8] Undefined index: address /mnt/share/kunjue.com/Application/Runtime/Cache/Home/2a94b8bda04ff446dcedd42276fc99ee.php 第 177 行.
NOTIC: [8] Undefined index: phone /mnt/share/kunjue.com/Application/Runtime/Cache/Home/2a94b8bda04ff446dcedd42276fc99ee.php 第 178 行.
NOTIC: [8] Undefined index: tel /mnt/share/kunjue.com/Application/Runtime/Cache/Home/2a94b8bda04ff446dcedd42276fc99ee.php 第 179 行.
NOTIC: [8] Undefined index: email /mnt/share/kunjue.com/Application/Runtime/Cache/Home/2a94b8bda04ff446dcedd42276fc99ee.php 第 180 行.
INFO: Run Behavior\ParseTemplateBehavior [ RunTime:0.078380s ]
INFO: [ view_parse ] --END-- [ RunTime:0.078420s ]
INFO: [ view_filter ] --START--
INFO: Run Behavior\WriteHtmlCacheBehavior [ RunTime:0.007304s ]
INFO: [ view_filter ] --END-- [ RunTime:0.007343s ]
INFO: [ app_end ] --START--
INFO: Run Behavior\ShowPageTraceBehavior [ RunTime:0.008128s ]
INFO: [ app_end ] --END-- [ RunTime:0.008187s ]

[ 2016-10-24T11:03:26+08:00 ] 192.168.188.184 /spring.html
INFO: [ app_init ] --START--
INFO: Run Behavior\BuildLiteBehavior [ RunTime:0.000016s ]
INFO: [ app_init ] --END-- [ RunTime:0.000079s ]
INFO: [ app_begin ] --START--
INFO: Run Behavior\ReadHtmlCacheBehavior [ RunTime:0.006443s ]
INFO: [ app_begin ] --END-- [ RunTime:0.006496s ]
SQL: SHOW COLUMNS FROM `think_config` [ RunTime:0.0005s ]
SQL: SELECT `title`,`keywords`,`description`,`image`,`conact`,`url`,`flink`,`carousel`,`sum`,`is_shard`,`copyright`,`icp`,`shard`,`code`,`date`,`site_show`,`status` FROM `think_config` LIMIT 1   [ RunTime:0.0001s ]
SQL: SHOW COLUMNS FROM `think_column` [ RunTime:0.0004s ]
SQL: SELECT `id`,`fid`,`title`,`name`,`type`,`uri`,`last`,`tpl` FROM `think_column` WHERE ( status=0 ) ORDER BY sort asc  [ RunTime:0.0001s ]
SQL: SELECT `id`,`fid`,`title`,`type`,`uri`,`name`,`last`,`tpl` FROM `think_column` WHERE `status` = 0 AND `name` = 'spring' ORDER BY sort asc LIMIT 1   [ RunTime:0.0002s ]
SQL: SELECT `id`,`fid`,`title`,`name`,`type`,`uri`,`last`,`tpl` FROM `think_column` WHERE ( status=0 and fid=13 ) ORDER BY sort asc  [ RunTime:0.0002s ]
SQL: SELECT `id`,`fid`,`title`,`name`,`type`,`uri`,`last`,`tpl` FROM `think_column` WHERE ( status=0 ) ORDER BY sort asc  [ RunTime:0.0001s ]
SQL: SHOW COLUMNS FROM `think_article` [ RunTime:0.0005s ]
SQL: SELECT `id`,`gid`,`column_id`,`title`,`author`,`keywords`,`description`,`ico`,`image`,`file`,`content`,`extend`,`hits`,`com`,`hot`,`new`,`head`,`top`,`img`,`total`,`deplete`,`create_time`,`startTime`,`endTime`,`status` FROM `think_article` WHERE `com` = 1 AND `status` = 0 LIMIT 12   [ RunTime:0.0000s ]
SQL: SELECT `id`,`title` FROM `think_column` WHERE `name` = 'spring' LIMIT 1   [ RunTime:0.0001s ]
SQL: SHOW COLUMNS FROM `think_carousel` [ RunTime:0.0004s ]
SQL: SELECT `title`,`url`,`description`,`image`,`sort`,`status`,`time` FROM `think_carousel` ORDER BY sort asc LIMIT 3   [ RunTime:0.0000s ]
ERR: 模板不存在:./Application/Home/View/News/seasons.html

[ 2016-10-24T11:04:01+08:00 ] 192.168.188.184 /
INFO: [ app_init ] --START--
INFO: Run Behavior\BuildLiteBehavior [ RunTime:0.000013s ]
INFO: [ app_init ] --END-- [ RunTime:0.000061s ]
INFO: [ app_begin ] --START--
INFO: Run Behavior\ReadHtmlCacheBehavior [ RunTime:0.009722s ]
INFO: [ app_begin ] --END-- [ RunTime:0.009817s ]
SQL: SHOW COLUMNS FROM `think_config` [ RunTime:0.0005s ]
SQL: SELECT `title`,`keywords`,`description`,`image`,`conact`,`url`,`flink`,`carousel`,`sum`,`is_shard`,`copyright`,`icp`,`shard`,`code`,`date`,`site_show`,`status` FROM `think_config` LIMIT 1   [ RunTime:0.0001s ]
SQL: SHOW COLUMNS FROM `think_column` [ RunTime:0.0004s ]
SQL: SELECT `id`,`fid`,`title`,`name`,`type`,`uri`,`last`,`tpl` FROM `think_column` WHERE ( status=0 ) ORDER BY sort asc  [ RunTime:0.0002s ]
SQL: SELECT `id`,`fid`,`title`,`name`,`type`,`uri`,`last`,`tpl` FROM `think_column` WHERE ( status=0 ) ORDER BY sort asc  [ RunTime:0.0001s ]
SQL: SHOW COLUMNS FROM `think_article` [ RunTime:0.0005s ]
SQL: SELECT `id`,`gid`,`column_id`,`title`,`author`,`keywords`,`description`,`ico`,`image`,`file`,`content`,`extend`,`hits`,`com`,`hot`,`new`,`head`,`top`,`img`,`total`,`deplete`,`create_time`,`startTime`,`endTime`,`status` FROM `think_article` WHERE `com` = 1 AND `status` = 0 LIMIT 12   [ RunTime:0.0001s ]
SQL: SHOW COLUMNS FROM `think_carousel` [ RunTime:0.0003s ]
SQL: SELECT `title`,`url`,`description`,`image`,`sort`,`status`,`time` FROM `think_carousel` ORDER BY sort asc LIMIT 3   [ RunTime:0.0000s ]
INFO: [ view_parse ] --START--
INFO: [ template_filter ] --START--
INFO: Run Behavior\ContentReplaceBehavior [ RunTime:0.000093s ]
INFO: [ template_filter ] --END-- [ RunTime:0.000129s ]
NOTIC: [8] Undefined index: address /mnt/share/kunjue.com/Application/Runtime/Cache/Home/2a94b8bda04ff446dcedd42276fc99ee.php 第 177 行.
NOTIC: [8] Undefined index: phone /mnt/share/kunjue.com/Application/Runtime/Cache/Home/2a94b8bda04ff446dcedd42276fc99ee.php 第 178 行.
NOTIC: [8] Undefined index: tel /mnt/share/kunjue.com/Application/Runtime/Cache/Home/2a94b8bda04ff446dcedd42276fc99ee.php 第 179 行.
NOTIC: [8] Undefined index: email /mnt/share/kunjue.com/Application/Runtime/Cache/Home/2a94b8bda04ff446dcedd42276fc99ee.php 第 180 行.
INFO: Run Behavior\ParseTemplateBehavior [ RunTime:0.071499s ]
INFO: [ view_parse ] --END-- [ RunTime:0.071550s ]
INFO: [ view_filter ] --START--
INFO: Run Behavior\WriteHtmlCacheBehavior [ RunTime:0.007719s ]
INFO: [ view_filter ] --END-- [ RunTime:0.007762s ]
INFO: [ app_end ] --START--
INFO: Run Behavior\ShowPageTraceBehavior [ RunTime:0.007352s ]
INFO: [ app_end ] --END-- [ RunTime:0.007395s ]

[ 2016-10-24T11:04:01+08:00 ] 192.168.188.184 /
INFO: [ app_init ] --START--
INFO: Run Behavior\BuildLiteBehavior [ RunTime:0.000020s ]
INFO: [ app_init ] --END-- [ RunTime:0.000108s ]
INFO: [ app_begin ] --START--
INFO: Run Behavior\ReadHtmlCacheBehavior [ RunTime:0.008657s ]
INFO: [ app_begin ] --END-- [ RunTime:0.008710s ]
SQL: SHOW COLUMNS FROM `think_config` [ RunTime:0.0005s ]
SQL: SELECT `title`,`keywords`,`description`,`image`,`conact`,`url`,`flink`,`carousel`,`sum`,`is_shard`,`copyright`,`icp`,`shard`,`code`,`date`,`site_show`,`status` FROM `think_config` LIMIT 1   [ RunTime:0.0001s ]
SQL: SHOW COLUMNS FROM `think_column` [ RunTime:0.0004s ]
SQL: SELECT `id`,`fid`,`title`,`name`,`type`,`uri`,`last`,`tpl` FROM `think_column` WHERE ( status=0 ) ORDER BY sort asc  [ RunTime:0.0001s ]
SQL: SELECT `id`,`fid`,`title`,`name`,`type`,`uri`,`last`,`tpl` FROM `think_column` WHERE ( status=0 ) ORDER BY sort asc  [ RunTime:0.0001s ]
SQL: SHOW COLUMNS FROM `think_article` [ RunTime:0.0005s ]
SQL: SELECT `id`,`gid`,`column_id`,`title`,`author`,`keywords`,`description`,`ico`,`image`,`file`,`content`,`extend`,`hits`,`com`,`hot`,`new`,`head`,`top`,`img`,`total`,`deplete`,`create_time`,`startTime`,`endTime`,`status` FROM `think_article` WHERE `com` = 1 AND `status` = 0 LIMIT 12   [ RunTime:0.0001s ]
SQL: SHOW COLUMNS FROM `think_carousel` [ RunTime:0.0003s ]
SQL: SELECT `title`,`url`,`description`,`image`,`sort`,`status`,`time` FROM `think_carousel` ORDER BY sort asc LIMIT 3   [ RunTime:0.0000s ]
INFO: [ view_parse ] --START--
INFO: [ template_filter ] --START--
INFO: Run Behavior\ContentReplaceBehavior [ RunTime:0.000093s ]
INFO: [ template_filter ] --END-- [ RunTime:0.000132s ]
NOTIC: [8] Undefined index: address /mnt/share/kunjue.com/Application/Runtime/Cache/Home/2a94b8bda04ff446dcedd42276fc99ee.php 第 177 行.
NOTIC: [8] Undefined index: phone /mnt/share/kunjue.com/Application/Runtime/Cache/Home/2a94b8bda04ff446dcedd42276fc99ee.php 第 178 行.
NOTIC: [8] Undefined index: tel /mnt/share/kunjue.com/Application/Runtime/Cache/Home/2a94b8bda04ff446dcedd42276fc99ee.php 第 179 行.
NOTIC: [8] Undefined index: email /mnt/share/kunjue.com/Application/Runtime/Cache/Home/2a94b8bda04ff446dcedd42276fc99ee.php 第 180 行.
INFO: Run Behavior\ParseTemplateBehavior [ RunTime:0.072793s ]
INFO: [ view_parse ] --END-- [ RunTime:0.072845s ]
INFO: [ view_filter ] --START--
INFO: Run Behavior\WriteHtmlCacheBehavior [ RunTime:0.007028s ]
INFO: [ view_filter ] --END-- [ RunTime:0.007061s ]
INFO: [ app_end ] --START--
INFO: Run Behavior\ShowPageTraceBehavior [ RunTime:0.007733s ]
INFO: [ app_end ] --END-- [ RunTime:0.007775s ]

[ 2016-10-24T11:04:03+08:00 ] 192.168.188.184 /spring.html
INFO: [ app_init ] --START--
INFO: Run Behavior\BuildLiteBehavior [ RunTime:0.000011s ]
INFO: [ app_init ] --END-- [ RunTime:0.000057s ]
INFO: [ app_begin ] --START--
INFO: Run Behavior\ReadHtmlCacheBehavior [ RunTime:0.007817s ]
INFO: [ app_begin ] --END-- [ RunTime:0.007870s ]
SQL: SHOW COLUMNS FROM `think_config` [ RunTime:0.0004s ]
SQL: SELECT `title`,`keywords`,`description`,`image`,`conact`,`url`,`flink`,`carousel`,`sum`,`is_shard`,`copyright`,`icp`,`shard`,`code`,`date`,`site_show`,`status` FROM `think_config` LIMIT 1   [ RunTime:0.0001s ]
SQL: SHOW COLUMNS FROM `think_column` [ RunTime:0.0004s ]
SQL: SELECT `id`,`fid`,`title`,`name`,`type`,`uri`,`last`,`tpl` FROM `think_column` WHERE ( status=0 ) ORDER BY sort asc  [ RunTime:0.0001s ]
SQL: SELECT `id`,`fid`,`title`,`type`,`uri`,`name`,`last`,`tpl` FROM `think_column` WHERE `status` = 0 AND `name` = 'spring' ORDER BY sort asc LIMIT 1   [ RunTime:0.0002s ]
SQL: SELECT `id`,`fid`,`title`,`name`,`type`,`uri`,`last`,`tpl` FROM `think_column` WHERE ( status=0 and fid=13 ) ORDER BY sort asc  [ RunTime:0.0002s ]
SQL: SELECT `id`,`fid`,`title`,`name`,`type`,`uri`,`last`,`tpl` FROM `think_column` WHERE ( status=0 ) ORDER BY sort asc  [ RunTime:0.0001s ]
SQL: SHOW COLUMNS FROM `think_article` [ RunTime:0.0004s ]
SQL: SELECT `id`,`gid`,`column_id`,`title`,`author`,`keywords`,`description`,`ico`,`image`,`file`,`content`,`extend`,`hits`,`com`,`hot`,`new`,`head`,`top`,`img`,`total`,`deplete`,`create_time`,`startTime`,`endTime`,`status` FROM `think_article` WHERE `com` = 1 AND `status` = 0 LIMIT 12   [ RunTime:0.0000s ]
SQL: SELECT `id`,`title` FROM `think_column` WHERE `name` = 'spring' LIMIT 1   [ RunTime:0.0001s ]
SQL: SHOW COLUMNS FROM `think_carousel` [ RunTime:0.0005s ]
SQL: SELECT `title`,`url`,`description`,`image`,`sort`,`status`,`time` FROM `think_carousel` ORDER BY sort asc LIMIT 3   [ RunTime:0.0001s ]
ERR: 模板不存在:./Application/Home/View/News/siji.html

[ 2016-10-24T11:22:23+08:00 ] 192.168.188.184 /
INFO: [ app_init ] --START--
INFO: Run Behavior\BuildLiteBehavior [ RunTime:0.000012s ]
INFO: [ app_init ] --END-- [ RunTime:0.000055s ]
INFO: [ app_begin ] --START--
INFO: Run Behavior\ReadHtmlCacheBehavior [ RunTime:0.009299s ]
INFO: [ app_begin ] --END-- [ RunTime:0.009357s ]
SQL: SHOW COLUMNS FROM `think_config` [ RunTime:0.0006s ]
SQL: SELECT `title`,`keywords`,`description`,`image`,`conact`,`url`,`flink`,`carousel`,`sum`,`is_shard`,`copyright`,`icp`,`shard`,`code`,`date`,`site_show`,`status` FROM `think_config` LIMIT 1   [ RunTime:0.0001s ]
SQL: SHOW COLUMNS FROM `think_column` [ RunTime:0.0005s ]
SQL: SELECT `id`,`fid`,`title`,`name`,`type`,`uri`,`last`,`tpl` FROM `think_column` WHERE ( status=0 ) ORDER BY sort asc  [ RunTime:0.0001s ]
SQL: SELECT `id`,`fid`,`title`,`name`,`type`,`uri`,`last`,`tpl` FROM `think_column` WHERE ( status=0 ) ORDER BY sort asc  [ RunTime:0.0001s ]
SQL: SHOW COLUMNS FROM `think_article` [ RunTime:0.0005s ]
SQL: SELECT `id`,`gid`,`column_id`,`title`,`author`,`keywords`,`description`,`ico`,`image`,`file`,`content`,`extend`,`hits`,`com`,`hot`,`new`,`head`,`top`,`img`,`total`,`deplete`,`create_time`,`startTime`,`endTime`,`status` FROM `think_article` WHERE `com` = 1 AND `status` = 0 LIMIT 12   [ RunTime:0.0001s ]
SQL: SHOW COLUMNS FROM `think_carousel` [ RunTime:0.0003s ]
SQL: SELECT `title`,`url`,`description`,`image`,`sort`,`status`,`time` FROM `think_carousel` ORDER BY sort asc LIMIT 3   [ RunTime:0.0000s ]
INFO: [ view_parse ] --START--
NOTIC: [8] Undefined index: cid /mnt/share/kunjue.com/ThinkPHP/Library/Think/Template/TagLib/Lists.class.php 第 895 行.
NOTIC: [8] Undefined index: where /mnt/share/kunjue.com/ThinkPHP/Library/Think/Template/TagLib/Lists.class.php 第 896 行.
NOTIC: [8] Undefined index: limit /mnt/share/kunjue.com/ThinkPHP/Library/Think/Template/TagLib/Lists.class.php 第 897 行.
NOTIC: [8] Undefined index: order /mnt/share/kunjue.com/ThinkPHP/Library/Think/Template/TagLib/Lists.class.php 第 898 行.
INFO: [ template_filter ] --START--
INFO: Run Behavior\ContentReplaceBehavior [ RunTime:0.000119s ]
INFO: [ template_filter ] --END-- [ RunTime:0.000170s ]
SQL: SHOW COLUMNS FROM `think_column` [ RunTime:0.0006s ]
SQL: SELECT * FROM `think_column` WHERE ( status = 0 )  [ RunTime:0.0002s ]
NOTIC: [8] Undefined variable: channels /mnt/share/kunjue.com/Application/Runtime/Cache/Home/2a94b8bda04ff446dcedd42276fc99ee.php 第 158 行.
NOTIC: [8] Undefined index: address /mnt/share/kunjue.com/Application/Runtime/Cache/Home/2a94b8bda04ff446dcedd42276fc99ee.php 第 179 行.
NOTIC: [8] Undefined index: phone /mnt/share/kunjue.com/Application/Runtime/Cache/Home/2a94b8bda04ff446dcedd42276fc99ee.php 第 180 行.
NOTIC: [8] Undefined index: tel /mnt/share/kunjue.com/Application/Runtime/Cache/Home/2a94b8bda04ff446dcedd42276fc99ee.php 第 181 行.
NOTIC: [8] Undefined index: email /mnt/share/kunjue.com/Application/Runtime/Cache/Home/2a94b8bda04ff446dcedd42276fc99ee.php 第 182 行.
INFO: Run Behavior\ParseTemplateBehavior [ RunTime:0.087945s ]
INFO: [ view_parse ] --END-- [ RunTime:0.088068s ]
INFO: [ view_filter ] --START--
INFO: Run Behavior\WriteHtmlCacheBehavior [ RunTime:0.006586s ]
INFO: [ view_filter ] --END-- [ RunTime:0.006625s ]
INFO: [ app_end ] --START--
INFO: Run Behavior\ShowPageTraceBehavior [ RunTime:0.009113s ]
INFO: [ app_end ] --END-- [ RunTime:0.009159s ]

[ 2016-10-24T11:22:55+08:00 ] 192.168.188.184 /
INFO: [ app_init ] --START--
INFO: Run Behavior\BuildLiteBehavior [ RunTime:0.000011s ]
INFO: [ app_init ] --END-- [ RunTime:0.000052s ]
INFO: [ app_begin ] --START--
INFO: Run Behavior\ReadHtmlCacheBehavior [ RunTime:0.008476s ]
INFO: [ app_begin ] --END-- [ RunTime:0.008536s ]
SQL: SHOW COLUMNS FROM `think_config` [ RunTime:0.0007s ]
SQL: SELECT `title`,`keywords`,`description`,`image`,`conact`,`url`,`flink`,`carousel`,`sum`,`is_shard`,`copyright`,`icp`,`shard`,`code`,`date`,`site_show`,`status` FROM `think_config` LIMIT 1   [ RunTime:0.0001s ]
SQL: SHOW COLUMNS FROM `think_column` [ RunTime:0.0004s ]
SQL: SELECT `id`,`fid`,`title`,`name`,`type`,`uri`,`last`,`tpl` FROM `think_column` WHERE ( status=0 ) ORDER BY sort asc  [ RunTime:0.0001s ]
SQL: SELECT `id`,`fid`,`title`,`name`,`type`,`uri`,`last`,`tpl` FROM `think_column` WHERE ( status=0 ) ORDER BY sort asc  [ RunTime:0.0001s ]
SQL: SHOW COLUMNS FROM `think_article` [ RunTime:0.0006s ]
SQL: SELECT `id`,`gid`,`column_id`,`title`,`author`,`keywords`,`description`,`ico`,`image`,`file`,`content`,`extend`,`hits`,`com`,`hot`,`new`,`head`,`top`,`img`,`total`,`deplete`,`create_time`,`startTime`,`endTime`,`status` FROM `think_article` WHERE `com` = 1 AND `status` = 0 LIMIT 12   [ RunTime:0.0001s ]
SQL: SHOW COLUMNS FROM `think_carousel` [ RunTime:0.0003s ]
SQL: SELECT `title`,`url`,`description`,`image`,`sort`,`status`,`time` FROM `think_carousel` ORDER BY sort asc LIMIT 3   [ RunTime:0.0000s ]
INFO: [ view_parse ] --START--

[ 2016-10-24T11:23:11+08:00 ] 192.168.188.184 /
INFO: [ app_init ] --START--
INFO: Run Behavior\BuildLiteBehavior [ RunTime:0.000017s ]
INFO: [ app_init ] --END-- [ RunTime:0.000082s ]
INFO: [ app_begin ] --START--
INFO: Run Behavior\ReadHtmlCacheBehavior [ RunTime:0.007870s ]
INFO: [ app_begin ] --END-- [ RunTime:0.007929s ]
SQL: SHOW COLUMNS FROM `think_config` [ RunTime:0.0005s ]
SQL: SELECT `title`,`keywords`,`description`,`image`,`conact`,`url`,`flink`,`carousel`,`sum`,`is_shard`,`copyright`,`icp`,`shard`,`code`,`date`,`site_show`,`status` FROM `think_config` LIMIT 1   [ RunTime:0.0001s ]
SQL: SHOW COLUMNS FROM `think_column` [ RunTime:0.0004s ]
SQL: SELECT `id`,`fid`,`title`,`name`,`type`,`uri`,`last`,`tpl` FROM `think_column` WHERE ( status=0 ) ORDER BY sort asc  [ RunTime:0.0001s ]
SQL: SELECT `id`,`fid`,`title`,`name`,`type`,`uri`,`last`,`tpl` FROM `think_column` WHERE ( status=0 ) ORDER BY sort asc  [ RunTime:0.0001s ]
SQL: SHOW COLUMNS FROM `think_article` [ RunTime:0.0005s ]
SQL: SELECT `id`,`gid`,`column_id`,`title`,`author`,`keywords`,`description`,`ico`,`image`,`file`,`content`,`extend`,`hits`,`com`,`hot`,`new`,`head`,`top`,`img`,`total`,`deplete`,`create_time`,`startTime`,`endTime`,`status` FROM `think_article` WHERE `com` = 1 AND `status` = 0 LIMIT 12   [ RunTime:0.0000s ]
SQL: SHOW COLUMNS FROM `think_carousel` [ RunTime:0.0003s ]
SQL: SELECT `title`,`url`,`description`,`image`,`sort`,`status`,`time` FROM `think_carousel` ORDER BY sort asc LIMIT 3   [ RunTime:0.0000s ]
INFO: [ view_parse ] --START--
NOTIC: [8] Undefined index: cid /mnt/share/kunjue.com/ThinkPHP/Library/Think/Template/TagLib/Lists.class.php 第 895 行.
NOTIC: [8] Undefined index: where /mnt/share/kunjue.com/ThinkPHP/Library/Think/Template/TagLib/Lists.class.php 第 896 行.
NOTIC: [8] Undefined index: limit /mnt/share/kunjue.com/ThinkPHP/Library/Think/Template/TagLib/Lists.class.php 第 897 行.
NOTIC: [8] Undefined index: order /mnt/share/kunjue.com/ThinkPHP/Library/Think/Template/TagLib/Lists.class.php 第 898 行.
INFO: [ template_filter ] --START--
INFO: Run Behavior\ContentReplaceBehavior [ RunTime:0.000097s ]
INFO: [ template_filter ] --END-- [ RunTime:0.000127s ]
SQL: SHOW COLUMNS FROM `think_column` [ RunTime:0.0005s ]
SQL: SELECT * FROM `think_column` WHERE ( status = 0 )  [ RunTime:0.0001s ]
NOTIC: [8] Undefined index: address /mnt/share/kunjue.com/Application/Runtime/Cache/Home/2a94b8bda04ff446dcedd42276fc99ee.php 第 179 行.
NOTIC: [8] Undefined index: phone /mnt/share/kunjue.com/Application/Runtime/Cache/Home/2a94b8bda04ff446dcedd42276fc99ee.php 第 180 行.
NOTIC: [8] Undefined index: tel /mnt/share/kunjue.com/Application/Runtime/Cache/Home/2a94b8bda04ff446dcedd42276fc99ee.php 第 181 行.
NOTIC: [8] Undefined index: email /mnt/share/kunjue.com/Application/Runtime/Cache/Home/2a94b8bda04ff446dcedd42276fc99ee.php 第 182 行.
INFO: Run Behavior\ParseTemplateBehavior [ RunTime:0.087055s ]
INFO: [ view_parse ] --END-- [ RunTime:0.087096s ]
INFO: [ view_filter ] --START--
INFO: Run Behavior\WriteHtmlCacheBehavior [ RunTime:0.008109s ]
INFO: [ view_filter ] --END-- [ RunTime:0.008156s ]
INFO: [ app_end ] --START--
INFO: Run Behavior\ShowPageTraceBehavior [ RunTime:0.008028s ]
INFO: [ app_end ] --END-- [ RunTime:0.008073s ]

[ 2016-10-24T11:24:35+08:00 ] 192.168.188.184 /
INFO: [ app_init ] --START--
INFO: Run Behavior\BuildLiteBehavior [ RunTime:0.000021s ]
INFO: [ app_init ] --END-- [ RunTime:0.000167s ]
INFO: [ app_begin ] --START--
INFO: Run Behavior\ReadHtmlCacheBehavior [ RunTime:0.008458s ]
INFO: [ app_begin ] --END-- [ RunTime:0.008521s ]
SQL: SHOW COLUMNS FROM `think_config` [ RunTime:0.0005s ]
SQL: SELECT `title`,`keywords`,`description`,`image`,`conact`,`url`,`flink`,`carousel`,`sum`,`is_shard`,`copyright`,`icp`,`shard`,`code`,`date`,`site_show`,`status` FROM `think_config` LIMIT 1   [ RunTime:0.0003s ]
SQL: SHOW COLUMNS FROM `think_column` [ RunTime:0.0006s ]
SQL: SELECT `id`,`fid`,`title`,`name`,`type`,`uri`,`last`,`tpl` FROM `think_column` WHERE ( status=0 ) ORDER BY sort asc  [ RunTime:0.0001s ]
SQL: SELECT `id`,`fid`,`title`,`name`,`type`,`uri`,`last`,`tpl` FROM `think_column` WHERE ( status=0 ) ORDER BY sort asc  [ RunTime:0.0001s ]
SQL: SHOW COLUMNS FROM `think_article` [ RunTime:0.0005s ]
SQL: SELECT `id`,`gid`,`column_id`,`title`,`author`,`keywords`,`description`,`ico`,`image`,`file`,`content`,`extend`,`hits`,`com`,`hot`,`new`,`head`,`top`,`img`,`total`,`deplete`,`create_time`,`startTime`,`endTime`,`status` FROM `think_article` WHERE `com` = 1 AND `status` = 0 LIMIT 12   [ RunTime:0.0000s ]
SQL: SHOW COLUMNS FROM `think_carousel` [ RunTime:0.0003s ]
SQL: SELECT `title`,`url`,`description`,`image`,`sort`,`status`,`time` FROM `think_carousel` ORDER BY sort asc LIMIT 3   [ RunTime:0.0000s ]
INFO: [ view_parse ] --START--
NOTIC: [8] Undefined index: cid /mnt/share/kunjue.com/ThinkPHP/Library/Think/Template/TagLib/Lists.class.php 第 895 行.
NOTIC: [8] Undefined index: where /mnt/share/kunjue.com/ThinkPHP/Library/Think/Template/TagLib/Lists.class.php 第 896 行.
NOTIC: [8] Undefined index: limit /mnt/share/kunjue.com/ThinkPHP/Library/Think/Template/TagLib/Lists.class.php 第 897 行.
NOTIC: [8] Undefined index: order /mnt/share/kunjue.com/ThinkPHP/Library/Think/Template/TagLib/Lists.class.php 第 898 行.
INFO: [ template_filter ] --START--
INFO: Run Behavior\ContentReplaceBehavior [ RunTime:0.000130s ]
INFO: [ template_filter ] --END-- [ RunTime:0.000162s ]
SQL: SHOW COLUMNS FROM `think_column` [ RunTime:0.0006s ]
SQL: SELECT * FROM `think_column` LIMIT 1   [ RunTime:0.0001s ]
SQL: SELECT * FROM `think_column` WHERE ( status = 0 )  [ RunTime:0.0001s ]
NOTIC: [8] Undefined index: address /mnt/share/kunjue.com/Application/Runtime/Cache/Home/2a94b8bda04ff446dcedd42276fc99ee.php 第 179 行.
NOTIC: [8] Undefined index: phone /mnt/share/kunjue.com/Application/Runtime/Cache/Home/2a94b8bda04ff446dcedd42276fc99ee.php 第 180 行.
NOTIC: [8] Undefined index: tel /mnt/share/kunjue.com/Application/Runtime/Cache/Home/2a94b8bda04ff446dcedd42276fc99ee.php 第 181 行.
NOTIC: [8] Undefined index: email /mnt/share/kunjue.com/Application/Runtime/Cache/Home/2a94b8bda04ff446dcedd42276fc99ee.php 第 182 行.
INFO: Run Behavior\ParseTemplateBehavior [ RunTime:0.090902s ]
INFO: [ view_parse ] --END-- [ RunTime:0.090949s ]
INFO: [ view_filter ] --START--
INFO: Run Behavior\WriteHtmlCacheBehavior [ RunTime:0.008541s ]
INFO: [ view_filter ] --END-- [ RunTime:0.008582s ]
INFO: [ app_end ] --START--
INFO: Run Behavior\ShowPageTraceBehavior [ RunTime:0.009718s ]
INFO: [ app_end ] --END-- [ RunTime:0.009761s ]

[ 2016-10-24T11:24:55+08:00 ] 192.168.188.184 /
INFO: [ app_init ] --START--
INFO: Run Behavior\BuildLiteBehavior [ RunTime:0.000019s ]
INFO: [ app_init ] --END-- [ RunTime:0.000144s ]
INFO: [ app_begin ] --START--
INFO: Run Behavior\ReadHtmlCacheBehavior [ RunTime:0.008936s ]
INFO: [ app_begin ] --END-- [ RunTime:0.009005s ]
SQL: SHOW COLUMNS FROM `think_config` [ RunTime:0.0005s ]
SQL: SELECT `title`,`keywords`,`description`,`image`,`conact`,`url`,`flink`,`carousel`,`sum`,`is_shard`,`copyright`,`icp`,`shard`,`code`,`date`,`site_show`,`status` FROM `think_config` LIMIT 1   [ RunTime:0.0001s ]
SQL: SHOW COLUMNS FROM `think_column` [ RunTime:0.0012s ]
SQL: SELECT `id`,`fid`,`title`,`name`,`type`,`uri`,`last`,`tpl` FROM `think_column` WHERE ( status=0 ) ORDER BY sort asc  [ RunTime:0.0001s ]
SQL: SELECT `id`,`fid`,`title`,`name`,`type`,`uri`,`last`,`tpl` FROM `think_column` WHERE ( status=0 ) ORDER BY sort asc  [ RunTime:0.0001s ]
SQL: SHOW COLUMNS FROM `think_article` [ RunTime:0.0011s ]
SQL: SELECT `id`,`gid`,`column_id`,`title`,`author`,`keywords`,`description`,`ico`,`image`,`file`,`content`,`extend`,`hits`,`com`,`hot`,`new`,`head`,`top`,`img`,`total`,`deplete`,`create_time`,`startTime`,`endTime`,`status` FROM `think_article` WHERE `com` = 1 AND `status` = 0 LIMIT 12   [ RunTime:0.0001s ]
SQL: SHOW COLUMNS FROM `think_carousel` [ RunTime:0.0006s ]
SQL: SELECT `title`,`url`,`description`,`image`,`sort`,`status`,`time` FROM `think_carousel` ORDER BY sort asc LIMIT 3   [ RunTime:0.0001s ]
INFO: [ view_parse ] --START--
NOTIC: [8] Undefined index: cid /mnt/share/kunjue.com/ThinkPHP/Library/Think/Template/TagLib/Lists.class.php 第 895 行.
NOTIC: [8] Undefined index: where /mnt/share/kunjue.com/ThinkPHP/Library/Think/Template/TagLib/Lists.class.php 第 896 行.
NOTIC: [8] Undefined index: limit /mnt/share/kunjue.com/ThinkPHP/Library/Think/Template/TagLib/Lists.class.php 第 897 行.
NOTIC: [8] Undefined index: order /mnt/share/kunjue.com/ThinkPHP/Library/Think/Template/TagLib/Lists.class.php 第 898 行.
INFO: [ template_filter ] --START--
INFO: Run Behavior\ContentReplaceBehavior [ RunTime:0.000099s ]
INFO: [ template_filter ] --END-- [ RunTime:0.000128s ]
SQL: SHOW COLUMNS FROM `think_column` [ RunTime:0.0010s ]
SQL: SELECT * FROM `think_column` LIMIT 1   [ RunTime:0.0003s ]

[ 2016-10-24T11:25:23+08:00 ] 192.168.188.184 /
INFO: [ app_init ] --START--
INFO: Run Behavior\BuildLiteBehavior [ RunTime:0.000012s ]
INFO: [ app_init ] --END-- [ RunTime:0.000063s ]
INFO: [ app_begin ] --START--
INFO: Run Behavior\ReadHtmlCacheBehavior [ RunTime:0.009436s ]
INFO: [ app_begin ] --END-- [ RunTime:0.009489s ]
SQL: SHOW COLUMNS FROM `think_config` [ RunTime:0.0005s ]
SQL: SELECT `title`,`keywords`,`description`,`image`,`conact`,`url`,`flink`,`carousel`,`sum`,`is_shard`,`copyright`,`icp`,`shard`,`code`,`date`,`site_show`,`status` FROM `think_config` LIMIT 1   [ RunTime:0.0002s ]
SQL: SHOW COLUMNS FROM `think_column` [ RunTime:0.0009s ]
SQL: SELECT `id`,`fid`,`title`,`name`,`type`,`uri`,`last`,`tpl` FROM `think_column` WHERE ( status=0 ) ORDER BY sort asc  [ RunTime:0.0001s ]
SQL: SELECT `id`,`fid`,`title`,`name`,`type`,`uri`,`last`,`tpl` FROM `think_column` WHERE ( status=0 ) ORDER BY sort asc  [ RunTime:0.0001s ]
SQL: SHOW COLUMNS FROM `think_article` [ RunTime:0.0005s ]
SQL: SELECT `id`,`gid`,`column_id`,`title`,`author`,`keywords`,`description`,`ico`,`image`,`file`,`content`,`extend`,`hits`,`com`,`hot`,`new`,`head`,`top`,`img`,`total`,`deplete`,`create_time`,`startTime`,`endTime`,`status` FROM `think_article` WHERE `com` = 1 AND `status` = 0 LIMIT 12   [ RunTime:0.0000s ]
SQL: SHOW COLUMNS FROM `think_carousel` [ RunTime:0.0003s ]
SQL: SELECT `title`,`url`,`description`,`image`,`sort`,`status`,`time` FROM `think_carousel` ORDER BY sort asc LIMIT 3   [ RunTime:0.0000s ]
INFO: [ view_parse ] --START--
NOTIC: [8] Undefined index: cid /mnt/share/kunjue.com/ThinkPHP/Library/Think/Template/TagLib/Lists.class.php 第 895 行.
NOTIC: [8] Undefined index: where /mnt/share/kunjue.com/ThinkPHP/Library/Think/Template/TagLib/Lists.class.php 第 896 行.
NOTIC: [8] Undefined index: limit /mnt/share/kunjue.com/ThinkPHP/Library/Think/Template/TagLib/Lists.class.php 第 897 行.
NOTIC: [8] Undefined index: order /mnt/share/kunjue.com/ThinkPHP/Library/Think/Template/TagLib/Lists.class.php 第 898 行.
INFO: [ template_filter ] --START--
INFO: Run Behavior\ContentReplaceBehavior [ RunTime:0.000095s ]
INFO: [ template_filter ] --END-- [ RunTime:0.000125s ]
SQL: SHOW COLUMNS FROM `think_column` [ RunTime:0.0005s ]
SQL: SELECT * FROM `think_column` LIMIT 1   [ RunTime:0.0001s ]

[ 2016-10-24T11:28:30+08:00 ] 192.168.188.184 /
INFO: [ app_init ] --START--
INFO: Run Behavior\BuildLiteBehavior [ RunTime:0.000013s ]
INFO: [ app_init ] --END-- [ RunTime:0.000063s ]
INFO: [ app_begin ] --START--
INFO: Run Behavior\ReadHtmlCacheBehavior [ RunTime:0.012629s ]
INFO: [ app_begin ] --END-- [ RunTime:0.012692s ]
SQL: SHOW COLUMNS FROM `think_config` [ RunTime:0.0005s ]
SQL: SELECT `title`,`keywords`,`description`,`image`,`conact`,`url`,`flink`,`carousel`,`sum`,`is_shard`,`copyright`,`icp`,`shard`,`code`,`date`,`site_show`,`status` FROM `think_config` LIMIT 1   [ RunTime:0.0001s ]
SQL: SHOW COLUMNS FROM `think_column` [ RunTime:0.0004s ]
SQL: SELECT `id`,`fid`,`title`,`name`,`type`,`uri`,`last`,`tpl` FROM `think_column` WHERE ( status=0 ) ORDER BY sort asc  [ RunTime:0.0001s ]
SQL: SELECT `id`,`fid`,`title`,`name`,`type`,`uri`,`last`,`tpl` FROM `think_column` WHERE ( status=0 ) ORDER BY sort asc  [ RunTime:0.0001s ]
SQL: SHOW COLUMNS FROM `think_article` [ RunTime:0.0006s ]
SQL: SELECT `id`,`gid`,`column_id`,`title`,`author`,`keywords`,`description`,`ico`,`image`,`file`,`content`,`extend`,`hits`,`com`,`hot`,`new`,`head`,`top`,`img`,`total`,`deplete`,`create_time`,`startTime`,`endTime`,`status` FROM `think_article` WHERE `com` = 1 AND `status` = 0 LIMIT 12   [ RunTime:0.0001s ]
SQL: SHOW COLUMNS FROM `think_carousel` [ RunTime:0.0003s ]
SQL: SELECT `title`,`url`,`description`,`image`,`sort`,`status`,`time` FROM `think_carousel` ORDER BY sort asc LIMIT 3   [ RunTime:0.0000s ]
INFO: [ view_parse ] --START--
NOTIC: [8] Undefined index: cid /mnt/share/kunjue.com/ThinkPHP/Library/Think/Template/TagLib/Lists.class.php 第 895 行.
NOTIC: [8] Undefined index: where /mnt/share/kunjue.com/ThinkPHP/Library/Think/Template/TagLib/Lists.class.php 第 896 行.
NOTIC: [8] Undefined index: limit /mnt/share/kunjue.com/ThinkPHP/Library/Think/Template/TagLib/Lists.class.php 第 897 行.
NOTIC: [8] Undefined index: order /mnt/share/kunjue.com/ThinkPHP/Library/Think/Template/TagLib/Lists.class.php 第 898 行.
INFO: [ template_filter ] --START--
INFO: Run Behavior\ContentReplaceBehavior [ RunTime:0.000304s ]
INFO: [ template_filter ] --END-- [ RunTime:0.000392s ]
SQL: SHOW COLUMNS FROM `think_column` [ RunTime:0.0009s ]
SQL: SELECT * FROM `think_column` LIMIT 1   [ RunTime:0.0001s ]

[ 2016-10-24T11:28:32+08:00 ] 192.168.188.184 /
INFO: [ app_init ] --START--
INFO: Run Behavior\BuildLiteBehavior [ RunTime:0.000036s ]
INFO: [ app_init ] --END-- [ RunTime:0.000174s ]
INFO: [ app_begin ] --START--
INFO: Run Behavior\ReadHtmlCacheBehavior [ RunTime:0.010889s ]
INFO: [ app_begin ] --END-- [ RunTime:0.010958s ]
SQL: SHOW COLUMNS FROM `think_config` [ RunTime:0.0008s ]
SQL: SELECT `title`,`keywords`,`description`,`image`,`conact`,`url`,`flink`,`carousel`,`sum`,`is_shard`,`copyright`,`icp`,`shard`,`code`,`date`,`site_show`,`status` FROM `think_config` LIMIT 1   [ RunTime:0.0001s ]
SQL: SHOW COLUMNS FROM `think_column` [ RunTime:0.0017s ]
SQL: SELECT `id`,`fid`,`title`,`name`,`type`,`uri`,`last`,`tpl` FROM `think_column` WHERE ( status=0 ) ORDER BY sort asc  [ RunTime:0.0001s ]
SQL: SELECT `id`,`fid`,`title`,`name`,`type`,`uri`,`last`,`tpl` FROM `think_column` WHERE ( status=0 ) ORDER BY sort asc  [ RunTime:0.0001s ]
SQL: SHOW COLUMNS FROM `think_article` [ RunTime:0.0007s ]
SQL: SELECT `id`,`gid`,`column_id`,`title`,`author`,`keywords`,`description`,`ico`,`image`,`file`,`content`,`extend`,`hits`,`com`,`hot`,`new`,`head`,`top`,`img`,`total`,`deplete`,`create_time`,`startTime`,`endTime`,`status` FROM `think_article` WHERE `com` = 1 AND `status` = 0 LIMIT 12   [ RunTime:0.0001s ]
SQL: SHOW COLUMNS FROM `think_carousel` [ RunTime:0.0009s ]
SQL: SELECT `title`,`url`,`description`,`image`,`sort`,`status`,`time` FROM `think_carousel` ORDER BY sort asc LIMIT 3   [ RunTime:0.0001s ]
INFO: [ view_parse ] --START--
NOTIC: [8] Undefined index: cid /mnt/share/kunjue.com/ThinkPHP/Library/Think/Template/TagLib/Lists.class.php 第 895 行.
NOTIC: [8] Undefined index: where /mnt/share/kunjue.com/ThinkPHP/Library/Think/Template/TagLib/Lists.class.php 第 896 行.
NOTIC: [8] Undefined index: limit /mnt/share/kunjue.com/ThinkPHP/Library/Think/Template/TagLib/Lists.class.php 第 897 行.
NOTIC: [8] Undefined index: order /mnt/share/kunjue.com/ThinkPHP/Library/Think/Template/TagLib/Lists.class.php 第 898 行.
INFO: [ template_filter ] --START--
INFO: Run Behavior\ContentReplaceBehavior [ RunTime:0.000100s ]
INFO: [ template_filter ] --END-- [ RunTime:0.000134s ]
SQL: SHOW COLUMNS FROM `think_column` [ RunTime:0.0007s ]
SQL: SELECT * FROM `think_column` LIMIT 1   [ RunTime:0.0001s ]

[ 2016-10-24T11:28:45+08:00 ] 192.168.188.184 /
INFO: [ app_init ] --START--
INFO: Run Behavior\BuildLiteBehavior [ RunTime:0.000095s ]
INFO: [ app_init ] --END-- [ RunTime:0.000385s ]
INFO: [ app_begin ] --START--
INFO: Run Behavior\ReadHtmlCacheBehavior [ RunTime:0.007547s ]
INFO: [ app_begin ] --END-- [ RunTime:0.007605s ]
SQL: SHOW COLUMNS FROM `think_config` [ RunTime:0.0004s ]
SQL: SELECT `title`,`keywords`,`description`,`image`,`conact`,`url`,`flink`,`carousel`,`sum`,`is_shard`,`copyright`,`icp`,`shard`,`code`,`date`,`site_show`,`status` FROM `think_config` LIMIT 1   [ RunTime:0.0001s ]
SQL: SHOW COLUMNS FROM `think_column` [ RunTime:0.0003s ]
SQL: SELECT `id`,`fid`,`title`,`name`,`type`,`uri`,`last`,`tpl` FROM `think_column` WHERE ( status=0 ) ORDER BY sort asc  [ RunTime:0.0001s ]
SQL: SELECT `id`,`fid`,`title`,`name`,`type`,`uri`,`last`,`tpl` FROM `think_column` WHERE ( status=0 ) ORDER BY sort asc  [ RunTime:0.0002s ]
SQL: SHOW COLUMNS FROM `think_article` [ RunTime:0.0011s ]
SQL: SELECT `id`,`gid`,`column_id`,`title`,`author`,`keywords`,`description`,`ico`,`image`,`file`,`content`,`extend`,`hits`,`com`,`hot`,`new`,`head`,`top`,`img`,`total`,`deplete`,`create_time`,`startTime`,`endTime`,`status` FROM `think_article` WHERE `com` = 1 AND `status` = 0 LIMIT 12   [ RunTime:0.0001s ]
SQL: SHOW COLUMNS FROM `think_carousel` [ RunTime:0.0007s ]
SQL: SELECT `title`,`url`,`description`,`image`,`sort`,`status`,`time` FROM `think_carousel` ORDER BY sort asc LIMIT 3   [ RunTime:0.0001s ]
INFO: [ view_parse ] --START--
NOTIC: [8] Undefined index: cid /mnt/share/kunjue.com/ThinkPHP/Library/Think/Template/TagLib/Lists.class.php 第 895 行.
NOTIC: [8] Undefined index: where /mnt/share/kunjue.com/ThinkPHP/Library/Think/Template/TagLib/Lists.class.php 第 896 行.
NOTIC: [8] Undefined index: limit /mnt/share/kunjue.com/ThinkPHP/Library/Think/Template/TagLib/Lists.class.php 第 897 行.
NOTIC: [8] Undefined index: order /mnt/share/kunjue.com/ThinkPHP/Library/Think/Template/TagLib/Lists.class.php 第 898 行.
INFO: [ template_filter ] --START--
INFO: Run Behavior\ContentReplaceBehavior [ RunTime:0.000096s ]
INFO: [ template_filter ] --END-- [ RunTime:0.000124s ]
SQL: SHOW COLUMNS FROM `think_column` [ RunTime:0.0005s ]

[ 2016-10-24T11:28:53+08:00 ] 192.168.188.184 /
INFO: [ app_init ] --START--
INFO: Run Behavior\BuildLiteBehavior [ RunTime:0.000013s ]
INFO: [ app_init ] --END-- [ RunTime:0.000063s ]
INFO: [ app_begin ] --START--
INFO: Run Behavior\ReadHtmlCacheBehavior [ RunTime:0.009220s ]
INFO: [ app_begin ] --END-- [ RunTime:0.009279s ]
SQL: SHOW COLUMNS FROM `think_config` [ RunTime:0.0005s ]
SQL: SELECT `title`,`keywords`,`description`,`image`,`conact`,`url`,`flink`,`carousel`,`sum`,`is_shard`,`copyright`,`icp`,`shard`,`code`,`date`,`site_show`,`status` FROM `think_config` LIMIT 1   [ RunTime:0.0001s ]
SQL: SHOW COLUMNS FROM `think_column` [ RunTime:0.0004s ]
SQL: SELECT `id`,`fid`,`title`,`name`,`type`,`uri`,`last`,`tpl` FROM `think_column` WHERE ( status=0 ) ORDER BY sort asc  [ RunTime:0.0001s ]
SQL: SELECT `id`,`fid`,`title`,`name`,`type`,`uri`,`last`,`tpl` FROM `think_column` WHERE ( status=0 ) ORDER BY sort asc  [ RunTime:0.0001s ]
SQL: SHOW COLUMNS FROM `think_article` [ RunTime:0.0006s ]
SQL: SELECT `id`,`gid`,`column_id`,`title`,`author`,`keywords`,`description`,`ico`,`image`,`file`,`content`,`extend`,`hits`,`com`,`hot`,`new`,`head`,`top`,`img`,`total`,`deplete`,`create_time`,`startTime`,`endTime`,`status` FROM `think_article` WHERE `com` = 1 AND `status` = 0 LIMIT 12   [ RunTime:0.0001s ]
SQL: SHOW COLUMNS FROM `think_carousel` [ RunTime:0.0004s ]
SQL: SELECT `title`,`url`,`description`,`image`,`sort`,`status`,`time` FROM `think_carousel` ORDER BY sort asc LIMIT 3   [ RunTime:0.0001s ]
INFO: [ view_parse ] --START--
NOTIC: [8] Undefined index: cid /mnt/share/kunjue.com/ThinkPHP/Library/Think/Template/TagLib/Lists.class.php 第 895 行.
NOTIC: [8] Undefined index: where /mnt/share/kunjue.com/ThinkPHP/Library/Think/Template/TagLib/Lists.class.php 第 896 行.
NOTIC: [8] Undefined index: limit /mnt/share/kunjue.com/ThinkPHP/Library/Think/Template/TagLib/Lists.class.php 第 897 行.
NOTIC: [8] Undefined index: order /mnt/share/kunjue.com/ThinkPHP/Library/Think/Template/TagLib/Lists.class.php 第 898 行.
INFO: [ template_filter ] --START--
INFO: Run Behavior\ContentReplaceBehavior [ RunTime:0.000095s ]
INFO: [ template_filter ] --END-- [ RunTime:0.000123s ]
SQL: SHOW COLUMNS FROM `think_column` [ RunTime:0.0005s ]
SQL: SELECT * FROM `think_column` LIMIT 1   [ RunTime:0.0001s ]

[ 2016-10-24T11:29:12+08:00 ] 192.168.188.184 /
INFO: [ app_init ] --START--
INFO: Run Behavior\BuildLiteBehavior [ RunTime:0.000012s ]
INFO: [ app_init ] --END-- [ RunTime:0.000061s ]
INFO: [ app_begin ] --START--
INFO: Run Behavior\ReadHtmlCacheBehavior [ RunTime:0.007817s ]
INFO: [ app_begin ] --END-- [ RunTime:0.007889s ]
SQL: SHOW COLUMNS FROM `think_config` [ RunTime:0.0010s ]
SQL: SELECT `title`,`keywords`,`description`,`image`,`conact`,`url`,`flink`,`carousel`,`sum`,`is_shard`,`copyright`,`icp`,`shard`,`code`,`date`,`site_show`,`status` FROM `think_config` LIMIT 1   [ RunTime:0.0001s ]
SQL: SHOW COLUMNS FROM `think_column` [ RunTime:0.0009s ]
SQL: SELECT `id`,`fid`,`title`,`name`,`type`,`uri`,`last`,`tpl` FROM `think_column` WHERE ( status=0 ) ORDER BY sort asc  [ RunTime:0.0001s ]
SQL: SELECT `id`,`fid`,`title`,`name`,`type`,`uri`,`last`,`tpl` FROM `think_column` WHERE ( status=0 ) ORDER BY sort asc  [ RunTime:0.0001s ]
SQL: SHOW COLUMNS FROM `think_article` [ RunTime:0.0009s ]
SQL: SELECT `id`,`gid`,`column_id`,`title`,`author`,`keywords`,`description`,`ico`,`image`,`file`,`content`,`extend`,`hits`,`com`,`hot`,`new`,`head`,`top`,`img`,`total`,`deplete`,`create_time`,`startTime`,`endTime`,`status` FROM `think_article` WHERE `com` = 1 AND `status` = 0 LIMIT 12   [ RunTime:0.0002s ]
SQL: SHOW COLUMNS FROM `think_carousel` [ RunTime:0.0010s ]
SQL: SELECT `title`,`url`,`description`,`image`,`sort`,`status`,`time` FROM `think_carousel` ORDER BY sort asc LIMIT 3   [ RunTime:0.0004s ]
INFO: [ view_parse ] --START--
NOTIC: [8] Undefined index: cid /mnt/share/kunjue.com/ThinkPHP/Library/Think/Template/TagLib/Lists.class.php 第 895 行.
NOTIC: [8] Undefined index: where /mnt/share/kunjue.com/ThinkPHP/Library/Think/Template/TagLib/Lists.class.php 第 896 行.
NOTIC: [8] Undefined index: limit /mnt/share/kunjue.com/ThinkPHP/Library/Think/Template/TagLib/Lists.class.php 第 897 行.
NOTIC: [8] Undefined index: order /mnt/share/kunjue.com/ThinkPHP/Library/Think/Template/TagLib/Lists.class.php 第 898 行.

[ 2016-10-24T11:29:14+08:00 ] 192.168.188.184 /
INFO: [ app_init ] --START--
INFO: Run Behavior\BuildLiteBehavior [ RunTime:0.000013s ]
INFO: [ app_init ] --END-- [ RunTime:0.000066s ]
INFO: [ app_begin ] --START--
INFO: Run Behavior\ReadHtmlCacheBehavior [ RunTime:0.008228s ]
INFO: [ app_begin ] --END-- [ RunTime:0.008285s ]
SQL: SHOW COLUMNS FROM `think_config` [ RunTime:0.0009s ]
SQL: SELECT `title`,`keywords`,`description`,`image`,`conact`,`url`,`flink`,`carousel`,`sum`,`is_shard`,`copyright`,`icp`,`shard`,`code`,`date`,`site_show`,`status` FROM `think_config` LIMIT 1   [ RunTime:0.0001s ]
SQL: SHOW COLUMNS FROM `think_column` [ RunTime:0.0004s ]
SQL: SELECT `id`,`fid`,`title`,`name`,`type`,`uri`,`last`,`tpl` FROM `think_column` WHERE ( status=0 ) ORDER BY sort asc  [ RunTime:0.0001s ]
SQL: SELECT `id`,`fid`,`title`,`name`,`type`,`uri`,`last`,`tpl` FROM `think_column` WHERE ( status=0 ) ORDER BY sort asc  [ RunTime:0.0001s ]
SQL: SHOW COLUMNS FROM `think_article` [ RunTime:0.0005s ]
SQL: SELECT `id`,`gid`,`column_id`,`title`,`author`,`keywords`,`description`,`ico`,`image`,`file`,`content`,`extend`,`hits`,`com`,`hot`,`new`,`head`,`top`,`img`,`total`,`deplete`,`create_time`,`startTime`,`endTime`,`status` FROM `think_article` WHERE `com` = 1 AND `status` = 0 LIMIT 12   [ RunTime:0.0000s ]
SQL: SHOW COLUMNS FROM `think_carousel` [ RunTime:0.0003s ]
SQL: SELECT `title`,`url`,`description`,`image`,`sort`,`status`,`time` FROM `think_carousel` ORDER BY sort asc LIMIT 3   [ RunTime:0.0000s ]
INFO: [ view_parse ] --START--
NOTIC: [8] Undefined index: cid /mnt/share/kunjue.com/ThinkPHP/Library/Think/Template/TagLib/Lists.class.php 第 895 行.
NOTIC: [8] Undefined index: where /mnt/share/kunjue.com/ThinkPHP/Library/Think/Template/TagLib/Lists.class.php 第 896 行.
NOTIC: [8] Undefined index: limit /mnt/share/kunjue.com/ThinkPHP/Library/Think/Template/TagLib/Lists.class.php 第 897 行.
NOTIC: [8] Undefined index: order /mnt/share/kunjue.com/ThinkPHP/Library/Think/Template/TagLib/Lists.class.php 第 898 行.

[ 2016-10-24T11:29:22+08:00 ] 192.168.188.184 /
INFO: [ app_init ] --START--
INFO: Run Behavior\BuildLiteBehavior [ RunTime:0.000011s ]
INFO: [ app_init ] --END-- [ RunTime:0.000050s ]
INFO: [ app_begin ] --START--
INFO: Run Behavior\ReadHtmlCacheBehavior [ RunTime:0.007352s ]
INFO: [ app_begin ] --END-- [ RunTime:0.007409s ]
SQL: SHOW COLUMNS FROM `think_config` [ RunTime:0.0005s ]
SQL: SELECT `title`,`keywords`,`description`,`image`,`conact`,`url`,`flink`,`carousel`,`sum`,`is_shard`,`copyright`,`icp`,`shard`,`code`,`date`,`site_show`,`status` FROM `think_config` LIMIT 1   [ RunTime:0.0001s ]
SQL: SHOW COLUMNS FROM `think_column` [ RunTime:0.0004s ]
SQL: SELECT `id`,`fid`,`title`,`name`,`type`,`uri`,`last`,`tpl` FROM `think_column` WHERE ( status=0 ) ORDER BY sort asc  [ RunTime:0.0001s ]
SQL: SELECT `id`,`fid`,`title`,`name`,`type`,`uri`,`last`,`tpl` FROM `think_column` WHERE ( status=0 ) ORDER BY sort asc  [ RunTime:0.0004s ]
SQL: SHOW COLUMNS FROM `think_article` [ RunTime:0.0006s ]
SQL: SELECT `id`,`gid`,`column_id`,`title`,`author`,`keywords`,`description`,`ico`,`image`,`file`,`content`,`extend`,`hits`,`com`,`hot`,`new`,`head`,`top`,`img`,`total`,`deplete`,`create_time`,`startTime`,`endTime`,`status` FROM `think_article` WHERE `com` = 1 AND `status` = 0 LIMIT 12   [ RunTime:0.0001s ]
SQL: SHOW COLUMNS FROM `think_carousel` [ RunTime:0.0004s ]
SQL: SELECT `title`,`url`,`description`,`image`,`sort`,`status`,`time` FROM `think_carousel` ORDER BY sort asc LIMIT 3   [ RunTime:0.0001s ]
INFO: [ view_parse ] --START--
NOTIC: [8] Undefined index: where /mnt/share/kunjue.com/ThinkPHP/Library/Think/Template/TagLib/Lists.class.php 第 896 行.
NOTIC: [8] Undefined index: limit /mnt/share/kunjue.com/ThinkPHP/Library/Think/Template/TagLib/Lists.class.php 第 897 行.
NOTIC: [8] Undefined index: order /mnt/share/kunjue.com/ThinkPHP/Library/Think/Template/TagLib/Lists.class.php 第 898 行.

[ 2016-10-24T11:29:33+08:00 ] 192.168.188.184 /
INFO: [ app_init ] --START--
INFO: Run Behavior\BuildLiteBehavior [ RunTime:0.000026s ]
INFO: [ app_init ] --END-- [ RunTime:0.000120s ]
INFO: [ app_begin ] --START--
INFO: Run Behavior\ReadHtmlCacheBehavior [ RunTime:0.008751s ]
INFO: [ app_begin ] --END-- [ RunTime:0.008879s ]
SQL: SHOW COLUMNS FROM `think_config` [ RunTime:0.0005s ]
SQL: SELECT `title`,`keywords`,`description`,`image`,`conact`,`url`,`flink`,`carousel`,`sum`,`is_shard`,`copyright`,`icp`,`shard`,`code`,`date`,`site_show`,`status` FROM `think_config` LIMIT 1   [ RunTime:0.0001s ]
SQL: SHOW COLUMNS FROM `think_column` [ RunTime:0.0004s ]
SQL: SELECT `id`,`fid`,`title`,`name`,`type`,`uri`,`last`,`tpl` FROM `think_column` WHERE ( status=0 ) ORDER BY sort asc  [ RunTime:0.0001s ]
SQL: SELECT `id`,`fid`,`title`,`name`,`type`,`uri`,`last`,`tpl` FROM `think_column` WHERE ( status=0 ) ORDER BY sort asc  [ RunTime:0.0001s ]
SQL: SHOW COLUMNS FROM `think_article` [ RunTime:0.0005s ]
SQL: SELECT `id`,`gid`,`column_id`,`title`,`author`,`keywords`,`description`,`ico`,`image`,`file`,`content`,`extend`,`hits`,`com`,`hot`,`new`,`head`,`top`,`img`,`total`,`deplete`,`create_time`,`startTime`,`endTime`,`status` FROM `think_article` WHERE `com` = 1 AND `status` = 0 LIMIT 12   [ RunTime:0.0000s ]
SQL: SHOW COLUMNS FROM `think_carousel` [ RunTime:0.0003s ]
SQL: SELECT `title`,`url`,`description`,`image`,`sort`,`status`,`time` FROM `think_carousel` ORDER BY sort asc LIMIT 3   [ RunTime:0.0001s ]
INFO: [ view_parse ] --START--
NOTIC: [8] Undefined index: where /mnt/share/kunjue.com/ThinkPHP/Library/Think/Template/TagLib/Lists.class.php 第 896 行.
NOTIC: [8] Undefined index: limit /mnt/share/kunjue.com/ThinkPHP/Library/Think/Template/TagLib/Lists.class.php 第 897 行.
NOTIC: [8] Undefined index: order /mnt/share/kunjue.com/ThinkPHP/Library/Think/Template/TagLib/Lists.class.php 第 898 行.
INFO: [ template_filter ] --START--
INFO: Run Behavior\ContentReplaceBehavior [ RunTime:0.000127s ]
INFO: [ template_filter ] --END-- [ RunTime:0.000157s ]
SQL: SHOW COLUMNS FROM `think_column` [ RunTime:0.0005s ]
SQL: SELECT * FROM `think_column` WHERE `id` = 2 LIMIT 1   [ RunTime:0.0002s ]

[ 2016-10-24T11:29:45+08:00 ] 192.168.188.184 /
INFO: [ app_init ] --START--
INFO: Run Behavior\BuildLiteBehavior [ RunTime:0.000033s ]
INFO: [ app_init ] --END-- [ RunTime:0.000125s ]
INFO: [ app_begin ] --START--
INFO: Run Behavior\ReadHtmlCacheBehavior [ RunTime:0.009612s ]
INFO: [ app_begin ] --END-- [ RunTime:0.009695s ]
SQL: SHOW COLUMNS FROM `think_config` [ RunTime:0.0007s ]
SQL: SELECT `title`,`keywords`,`description`,`image`,`conact`,`url`,`flink`,`carousel`,`sum`,`is_shard`,`copyright`,`icp`,`shard`,`code`,`date`,`site_show`,`status` FROM `think_config` LIMIT 1   [ RunTime:0.0001s ]
SQL: SHOW COLUMNS FROM `think_column` [ RunTime:0.0004s ]
SQL: SELECT `id`,`fid`,`title`,`name`,`type`,`uri`,`last`,`tpl` FROM `think_column` WHERE ( status=0 ) ORDER BY sort asc  [ RunTime:0.0001s ]
SQL: SELECT `id`,`fid`,`title`,`name`,`type`,`uri`,`last`,`tpl` FROM `think_column` WHERE ( status=0 ) ORDER BY sort asc  [ RunTime:0.0001s ]
SQL: SHOW COLUMNS FROM `think_article` [ RunTime:0.0011s ]
SQL: SELECT `id`,`gid`,`column_id`,`title`,`author`,`keywords`,`description`,`ico`,`image`,`file`,`content`,`extend`,`hits`,`com`,`hot`,`new`,`head`,`top`,`img`,`total`,`deplete`,`create_time`,`startTime`,`endTime`,`status` FROM `think_article` WHERE `com` = 1 AND `status` = 0 LIMIT 12   [ RunTime:0.0001s ]
SQL: SHOW COLUMNS FROM `think_carousel` [ RunTime:0.0004s ]
SQL: SELECT `title`,`url`,`description`,`image`,`sort`,`status`,`time` FROM `think_carousel` ORDER BY sort asc LIMIT 3   [ RunTime:0.0000s ]
INFO: [ view_parse ] --START--
NOTIC: [8] Undefined index: where /mnt/share/kunjue.com/ThinkPHP/Library/Think/Template/TagLib/Lists.class.php 第 896 行.
NOTIC: [8] Undefined index: limit /mnt/share/kunjue.com/ThinkPHP/Library/Think/Template/TagLib/Lists.class.php 第 897 行.
NOTIC: [8] Undefined index: order /mnt/share/kunjue.com/ThinkPHP/Library/Think/Template/TagLib/Lists.class.php 第 898 行.
INFO: [ template_filter ] --START--
INFO: Run Behavior\ContentReplaceBehavior [ RunTime:0.000097s ]
INFO: [ template_filter ] --END-- [ RunTime:0.000125s ]
SQL: SHOW COLUMNS FROM `think_column` [ RunTime:0.0006s ]
SQL: SELECT * FROM `think_column` WHERE `id` = 2 LIMIT 1   [ RunTime:0.0001s ]

[ 2016-10-24T11:30:43+08:00 ] 192.168.188.184 /
INFO: [ app_init ] --START--
INFO: Run Behavior\BuildLiteBehavior [ RunTime:0.000018s ]
INFO: [ app_init ] --END-- [ RunTime:0.000092s ]
INFO: [ app_begin ] --START--
INFO: Run Behavior\ReadHtmlCacheBehavior [ RunTime:0.010474s ]
INFO: [ app_begin ] --END-- [ RunTime:0.010531s ]
SQL: SHOW COLUMNS FROM `think_config` [ RunTime:0.0009s ]
SQL: SELECT `title`,`keywords`,`description`,`image`,`conact`,`url`,`flink`,`carousel`,`sum`,`is_shard`,`copyright`,`icp`,`shard`,`code`,`date`,`site_show`,`status` FROM `think_config` LIMIT 1   [ RunTime:0.0001s ]
SQL: SHOW COLUMNS FROM `think_column` [ RunTime:0.0007s ]
SQL: SELECT `id`,`fid`,`title`,`name`,`type`,`uri`,`last`,`tpl` FROM `think_column` WHERE ( status=0 ) ORDER BY sort asc  [ RunTime:0.0001s ]
SQL: SELECT `id`,`fid`,`title`,`name`,`type`,`uri`,`last`,`tpl` FROM `think_column` WHERE ( status=0 ) ORDER BY sort asc  [ RunTime:0.0001s ]
SQL: SHOW COLUMNS FROM `think_article` [ RunTime:0.0005s ]
SQL: SELECT `id`,`gid`,`column_id`,`title`,`author`,`keywords`,`description`,`ico`,`image`,`file`,`content`,`extend`,`hits`,`com`,`hot`,`new`,`head`,`top`,`img`,`total`,`deplete`,`create_time`,`startTime`,`endTime`,`status` FROM `think_article` WHERE `com` = 1 AND `status` = 0 LIMIT 12   [ RunTime:0.0001s ]
SQL: SHOW COLUMNS FROM `think_carousel` [ RunTime:0.0004s ]
SQL: SELECT `title`,`url`,`description`,`image`,`sort`,`status`,`time` FROM `think_carousel` ORDER BY sort asc LIMIT 3   [ RunTime:0.0001s ]
INFO: [ view_parse ] --START--
NOTIC: [8] Undefined index: where /mnt/share/kunjue.com/ThinkPHP/Library/Think/Template/TagLib/Lists.class.php 第 896 行.
NOTIC: [8] Undefined index: limit /mnt/share/kunjue.com/ThinkPHP/Library/Think/Template/TagLib/Lists.class.php 第 897 行.
NOTIC: [8] Undefined index: order /mnt/share/kunjue.com/ThinkPHP/Library/Think/Template/TagLib/Lists.class.php 第 898 行.
INFO: [ template_filter ] --START--
INFO: Run Behavior\ContentReplaceBehavior [ RunTime:0.000113s ]
INFO: [ template_filter ] --END-- [ RunTime:0.000143s ]

[ 2016-10-24T11:30:51+08:00 ] 192.168.188.184 /
INFO: [ app_init ] --START--
INFO: Run Behavior\BuildLiteBehavior [ RunTime:0.000013s ]
INFO: [ app_init ] --END-- [ RunTime:0.000097s ]
INFO: [ app_begin ] --START--
INFO: Run Behavior\ReadHtmlCacheBehavior [ RunTime:0.008737s ]
INFO: [ app_begin ] --END-- [ RunTime:0.008850s ]
SQL: SHOW COLUMNS FROM `think_config` [ RunTime:0.0005s ]
SQL: SELECT `title`,`keywords`,`description`,`image`,`conact`,`url`,`flink`,`carousel`,`sum`,`is_shard`,`copyright`,`icp`,`shard`,`code`,`date`,`site_show`,`status` FROM `think_config` LIMIT 1   [ RunTime:0.0001s ]
SQL: SHOW COLUMNS FROM `think_column` [ RunTime:0.0003s ]
SQL: SELECT `id`,`fid`,`title`,`name`,`type`,`uri`,`last`,`tpl` FROM `think_column` WHERE ( status=0 ) ORDER BY sort asc  [ RunTime:0.0001s ]
SQL: SELECT `id`,`fid`,`title`,`name`,`type`,`uri`,`last`,`tpl` FROM `think_column` WHERE ( status=0 ) ORDER BY sort asc  [ RunTime:0.0001s ]
SQL: SHOW COLUMNS FROM `think_article` [ RunTime:0.0005s ]
SQL: SELECT `id`,`gid`,`column_id`,`title`,`author`,`keywords`,`description`,`ico`,`image`,`file`,`content`,`extend`,`hits`,`com`,`hot`,`new`,`head`,`top`,`img`,`total`,`deplete`,`create_time`,`startTime`,`endTime`,`status` FROM `think_article` WHERE `com` = 1 AND `status` = 0 LIMIT 12   [ RunTime:0.0001s ]
SQL: SHOW COLUMNS FROM `think_carousel` [ RunTime:0.0003s ]
SQL: SELECT `title`,`url`,`description`,`image`,`sort`,`status`,`time` FROM `think_carousel` ORDER BY sort asc LIMIT 3   [ RunTime:0.0000s ]
INFO: [ view_parse ] --START--
NOTIC: [8] Undefined index: where /mnt/share/kunjue.com/ThinkPHP/Library/Think/Template/TagLib/Lists.class.php 第 896 行.
NOTIC: [8] Undefined index: limit /mnt/share/kunjue.com/ThinkPHP/Library/Think/Template/TagLib/Lists.class.php 第 897 行.
NOTIC: [8] Undefined index: order /mnt/share/kunjue.com/ThinkPHP/Library/Think/Template/TagLib/Lists.class.php 第 898 行.
INFO: [ template_filter ] --START--
INFO: Run Behavior\ContentReplaceBehavior [ RunTime:0.000098s ]
INFO: [ template_filter ] --END-- [ RunTime:0.000127s ]
SQL: SHOW COLUMNS FROM `think_column` [ RunTime:0.0015s ]
SQL: SELECT * FROM `think_column` WHERE `id` = 2 LIMIT 1   [ RunTime:0.0001s ]
SQL: SELECT * FROM `think_column` WHERE ( status = 0 and fid = 2 )  [ RunTime:0.0003s ]

[ 2016-10-24T11:32:00+08:00 ] 192.168.188.184 /
INFO: [ app_init ] --START--
INFO: Run Behavior\BuildLiteBehavior [ RunTime:0.000022s ]
INFO: [ app_init ] --END-- [ RunTime:0.000126s ]
INFO: [ app_begin ] --START--
INFO: Run Behavior\ReadHtmlCacheBehavior [ RunTime:0.009254s ]
INFO: [ app_begin ] --END-- [ RunTime:0.009310s ]
SQL: SHOW COLUMNS FROM `think_config` [ RunTime:0.0007s ]
SQL: SELECT `title`,`keywords`,`description`,`image`,`conact`,`url`,`flink`,`carousel`,`sum`,`is_shard`,`copyright`,`icp`,`shard`,`code`,`date`,`site_show`,`status` FROM `think_config` LIMIT 1   [ RunTime:0.0001s ]
SQL: SHOW COLUMNS FROM `think_column` [ RunTime:0.0012s ]
SQL: SELECT `id`,`fid`,`title`,`name`,`type`,`uri`,`last`,`tpl` FROM `think_column` WHERE ( status=0 ) ORDER BY sort asc  [ RunTime:0.0003s ]
SQL: SELECT `id`,`fid`,`title`,`name`,`type`,`uri`,`last`,`tpl` FROM `think_column` WHERE ( status=0 ) ORDER BY sort asc  [ RunTime:0.0001s ]
SQL: SHOW COLUMNS FROM `think_article` [ RunTime:0.0005s ]
SQL: SELECT `id`,`gid`,`column_id`,`title`,`author`,`keywords`,`description`,`ico`,`image`,`file`,`content`,`extend`,`hits`,`com`,`hot`,`new`,`head`,`top`,`img`,`total`,`deplete`,`create_time`,`startTime`,`endTime`,`status` FROM `think_article` WHERE `com` = 1 AND `status` = 0 LIMIT 12   [ RunTime:0.0000s ]
SQL: SHOW COLUMNS FROM `think_carousel` [ RunTime:0.0003s ]
SQL: SELECT `title`,`url`,`description`,`image`,`sort`,`status`,`time` FROM `think_carousel` ORDER BY sort asc LIMIT 3   [ RunTime:0.0000s ]
INFO: [ view_parse ] --START--
NOTIC: [8] Undefined index: where /mnt/share/kunjue.com/ThinkPHP/Library/Think/Template/TagLib/Lists.class.php 第 896 行.
NOTIC: [8] Undefined index: limit /mnt/share/kunjue.com/ThinkPHP/Library/Think/Template/TagLib/Lists.class.php 第 897 行.
NOTIC: [8] Undefined index: order /mnt/share/kunjue.com/ThinkPHP/Library/Think/Template/TagLib/Lists.class.php 第 898 行.
INFO: [ template_filter ] --START--
INFO: Run Behavior\ContentReplaceBehavior [ RunTime:0.000096s ]
INFO: [ template_filter ] --END-- [ RunTime:0.000151s ]
SQL: SHOW COLUMNS FROM `think_column` [ RunTime:0.0005s ]
SQL: SELECT * FROM `think_column` WHERE `id` = 2 LIMIT 1   [ RunTime:0.0000s ]
SQL: SELECT * FROM `think_column` WHERE ( status = 0 and fid = 2 )  [ RunTime:0.0000s ]

[ 2016-10-24T11:32:10+08:00 ] 192.168.188.184 /
INFO: [ app_init ] --START--
INFO: Run Behavior\BuildLiteBehavior [ RunTime:0.000014s ]
INFO: [ app_init ] --END-- [ RunTime:0.000068s ]
INFO: [ app_begin ] --START--
INFO: Run Behavior\ReadHtmlCacheBehavior [ RunTime:0.009360s ]
INFO: [ app_begin ] --END-- [ RunTime:0.009440s ]
SQL: SHOW COLUMNS FROM `think_config` [ RunTime:0.0009s ]
SQL: SELECT `title`,`keywords`,`description`,`image`,`conact`,`url`,`flink`,`carousel`,`sum`,`is_shard`,`copyright`,`icp`,`shard`,`code`,`date`,`site_show`,`status` FROM `think_config` LIMIT 1   [ RunTime:0.0002s ]
SQL: SHOW COLUMNS FROM `think_column` [ RunTime:0.0014s ]
SQL: SELECT `id`,`fid`,`title`,`name`,`type`,`uri`,`last`,`tpl` FROM `think_column` WHERE ( status=0 ) ORDER BY sort asc  [ RunTime:0.0001s ]
SQL: SELECT `id`,`fid`,`title`,`name`,`type`,`uri`,`last`,`tpl` FROM `think_column` WHERE ( status=0 ) ORDER BY sort asc  [ RunTime:0.0001s ]
SQL: SHOW COLUMNS FROM `think_article` [ RunTime:0.0009s ]
SQL: SELECT `id`,`gid`,`column_id`,`title`,`author`,`keywords`,`description`,`ico`,`image`,`file`,`content`,`extend`,`hits`,`com`,`hot`,`new`,`head`,`top`,`img`,`total`,`deplete`,`create_time`,`startTime`,`endTime`,`status` FROM `think_article` WHERE `com` = 1 AND `status` = 0 LIMIT 12   [ RunTime:0.0001s ]
SQL: SHOW COLUMNS FROM `think_carousel` [ RunTime:0.0005s ]
SQL: SELECT `title`,`url`,`description`,`image`,`sort`,`status`,`time` FROM `think_carousel` ORDER BY sort asc LIMIT 3   [ RunTime:0.0001s ]
INFO: [ view_parse ] --START--
NOTIC: [8] Undefined index: where /mnt/share/kunjue.com/ThinkPHP/Library/Think/Template/TagLib/Lists.class.php 第 896 行.
NOTIC: [8] Undefined index: limit /mnt/share/kunjue.com/ThinkPHP/Library/Think/Template/TagLib/Lists.class.php 第 897 行.
NOTIC: [8] Undefined index: order /mnt/share/kunjue.com/ThinkPHP/Library/Think/Template/TagLib/Lists.class.php 第 898 行.
INFO: [ template_filter ] --START--
INFO: Run Behavior\ContentReplaceBehavior [ RunTime:0.000101s ]
INFO: [ template_filter ] --END-- [ RunTime:0.000129s ]
SQL: SHOW COLUMNS FROM `think_column` [ RunTime:0.0005s ]
SQL: SELECT * FROM `think_column` WHERE `id` = 2 LIMIT 1   [ RunTime:0.0001s ]
SQL: SELECT * FROM `think_column` WHERE ( status = 0 and fid = 2 )  [ RunTime:0.0000s ]
NOTIC: [8] Undefined index: address /mnt/share/kunjue.com/Application/Runtime/Cache/Home/2a94b8bda04ff446dcedd42276fc99ee.php 第 179 行.
NOTIC: [8] Undefined index: phone /mnt/share/kunjue.com/Application/Runtime/Cache/Home/2a94b8bda04ff446dcedd42276fc99ee.php 第 180 行.
NOTIC: [8] Undefined index: tel /mnt/share/kunjue.com/Application/Runtime/Cache/Home/2a94b8bda04ff446dcedd42276fc99ee.php 第 181 行.
NOTIC: [8] Undefined index: email /mnt/share/kunjue.com/Application/Runtime/Cache/Home/2a94b8bda04ff446dcedd42276fc99ee.php 第 182 行.
INFO: Run Behavior\ParseTemplateBehavior [ RunTime:0.091967s ]
INFO: [ view_parse ] --END-- [ RunTime:0.092030s ]
INFO: [ view_filter ] --START--
INFO: Run Behavior\WriteHtmlCacheBehavior [ RunTime:0.009272s ]
INFO: [ view_filter ] --END-- [ RunTime:0.009340s ]
INFO: [ app_end ] --START--
INFO: Run Behavior\ShowPageTraceBehavior [ RunTime:0.008501s ]
INFO: [ app_end ] --END-- [ RunTime:0.008768s ]

[ 2016-10-24T14:57:28+08:00 ] 192.168.188.184 /
INFO: [ app_init ] --START--
INFO: Run Behavior\BuildLiteBehavior [ RunTime:0.000012s ]
INFO: [ app_init ] --END-- [ RunTime:0.000064s ]
INFO: [ app_begin ] --START--
INFO: Run Behavior\ReadHtmlCacheBehavior [ RunTime:0.007779s ]
INFO: [ app_begin ] --END-- [ RunTime:0.007831s ]
SQL: SHOW COLUMNS FROM `think_config` [ RunTime:0.0004s ]
SQL: SELECT `title`,`keywords`,`description`,`image`,`conact`,`url`,`flink`,`carousel`,`sum`,`is_shard`,`copyright`,`icp`,`shard`,`code`,`date`,`site_show`,`status` FROM `think_config` LIMIT 1   [ RunTime:0.0001s ]
SQL: SHOW COLUMNS FROM `think_column` [ RunTime:0.0004s ]
SQL: SELECT `id`,`fid`,`title`,`name`,`type`,`uri`,`last`,`tpl` FROM `think_column` WHERE ( status=0 ) ORDER BY sort asc  [ RunTime:0.0003s ]
SQL: SELECT `id`,`fid`,`title`,`name`,`type`,`uri`,`last`,`tpl` FROM `think_column` WHERE ( status=0 ) ORDER BY sort asc  [ RunTime:0.0001s ]
SQL: SHOW COLUMNS FROM `think_article` [ RunTime:0.0005s ]
SQL: SELECT `id`,`gid`,`column_id`,`title`,`author`,`keywords`,`description`,`ico`,`image`,`file`,`content`,`extend`,`hits`,`com`,`hot`,`new`,`head`,`top`,`img`,`total`,`deplete`,`create_time`,`startTime`,`endTime`,`status` FROM `think_article` WHERE `com` = 1 AND `status` = 0 LIMIT 12   [ RunTime:0.0001s ]
SQL: SHOW COLUMNS FROM `think_carousel` [ RunTime:0.0003s ]
SQL: SELECT `title`,`url`,`description`,`image`,`sort`,`status`,`time` FROM `think_carousel` ORDER BY sort asc LIMIT 3   [ RunTime:0.0000s ]
INFO: [ view_parse ] --START--
NOTIC: [8] Undefined index: where /mnt/share/kunjue.com/ThinkPHP/Library/Think/Template/TagLib/Lists.class.php 第 895 行.
NOTIC: [8] Undefined index: limit /mnt/share/kunjue.com/ThinkPHP/Library/Think/Template/TagLib/Lists.class.php 第 896 行.
NOTIC: [8] Undefined index: order /mnt/share/kunjue.com/ThinkPHP/Library/Think/Template/TagLib/Lists.class.php 第 897 行.
INFO: [ template_filter ] --START--
INFO: Run Behavior\ContentReplaceBehavior [ RunTime:0.000098s ]
INFO: [ template_filter ] --END-- [ RunTime:0.000126s ]
SQL: SHOW COLUMNS FROM `think_column` [ RunTime:0.0005s ]
SQL: SELECT * FROM `think_column` WHERE `id` = 2 LIMIT 1   [ RunTime:0.0001s ]
SQL: SELECT * FROM `think_column` WHERE ( status = 0 and fid = 2 )  [ RunTime:0.0001s ]
NOTIC: [8] Undefined index: address /mnt/share/kunjue.com/Application/Runtime/Cache/Home/2a94b8bda04ff446dcedd42276fc99ee.php 第 179 行.
NOTIC: [8] Undefined index: phone /mnt/share/kunjue.com/Application/Runtime/Cache/Home/2a94b8bda04ff446dcedd42276fc99ee.php 第 180 行.
NOTIC: [8] Undefined index: tel /mnt/share/kunjue.com/Application/Runtime/Cache/Home/2a94b8bda04ff446dcedd42276fc99ee.php 第 181 行.
NOTIC: [8] Undefined index: email /mnt/share/kunjue.com/Application/Runtime/Cache/Home/2a94b8bda04ff446dcedd42276fc99ee.php 第 182 行.
INFO: Run Behavior\ParseTemplateBehavior [ RunTime:0.168662s ]
INFO: [ view_parse ] --END-- [ RunTime:0.168700s ]
INFO: [ view_filter ] --START--
INFO: Run Behavior\WriteHtmlCacheBehavior [ RunTime:0.023387s ]
INFO: [ view_filter ] --END-- [ RunTime:0.023432s ]
INFO: [ app_end ] --START--
INFO: Run Behavior\ShowPageTraceBehavior [ RunTime:0.010202s ]
INFO: [ app_end ] --END-- [ RunTime:0.010243s ]

[ 2016-10-24T14:58:13+08:00 ] 192.168.188.184 /
INFO: [ app_init ] --START--
INFO: Run Behavior\BuildLiteBehavior [ RunTime:0.000011s ]
INFO: [ app_init ] --END-- [ RunTime:0.000056s ]
INFO: [ app_begin ] --START--
INFO: Run Behavior\ReadHtmlCacheBehavior [ RunTime:0.008271s ]
INFO: [ app_begin ] --END-- [ RunTime:0.008321s ]
SQL: SHOW COLUMNS FROM `think_config` [ RunTime:0.0005s ]
SQL: SELECT `title`,`keywords`,`description`,`image`,`conact`,`url`,`flink`,`carousel`,`sum`,`is_shard`,`copyright`,`icp`,`shard`,`code`,`date`,`site_show`,`status` FROM `think_config` LIMIT 1   [ RunTime:0.0001s ]
SQL: SHOW COLUMNS FROM `think_column` [ RunTime:0.0004s ]
SQL: SELECT `id`,`fid`,`title`,`name`,`type`,`uri`,`last`,`tpl` FROM `think_column` WHERE ( status=0 ) ORDER BY sort asc  [ RunTime:0.0001s ]
SQL: SELECT `id`,`fid`,`title`,`name`,`type`,`uri`,`last`,`tpl` FROM `think_column` WHERE ( status=0 ) ORDER BY sort asc  [ RunTime:0.0001s ]
SQL: SHOW COLUMNS FROM `think_article` [ RunTime:0.0006s ]
SQL: SELECT `id`,`gid`,`column_id`,`title`,`author`,`keywords`,`description`,`ico`,`image`,`file`,`content`,`extend`,`hits`,`com`,`hot`,`new`,`head`,`top`,`img`,`total`,`deplete`,`create_time`,`startTime`,`endTime`,`status` FROM `think_article` WHERE `com` = 1 AND `status` = 0 LIMIT 12   [ RunTime:0.0001s ]
SQL: SHOW COLUMNS FROM `think_carousel` [ RunTime:0.0004s ]
SQL: SELECT `title`,`url`,`description`,`image`,`sort`,`status`,`time` FROM `think_carousel` ORDER BY sort asc LIMIT 3   [ RunTime:0.0001s ]
INFO: [ view_parse ] --START--
INFO: [ template_filter ] --START--
INFO: Run Behavior\ContentReplaceBehavior [ RunTime:0.000193s ]
INFO: [ template_filter ] --END-- [ RunTime:0.000237s ]
NOTIC: [8] Undefined index: address /mnt/share/kunjue.com/Application/Runtime/Cache/Home/2a94b8bda04ff446dcedd42276fc99ee.php 第 177 行.
NOTIC: [8] Undefined index: phone /mnt/share/kunjue.com/Application/Runtime/Cache/Home/2a94b8bda04ff446dcedd42276fc99ee.php 第 178 行.
NOTIC: [8] Undefined index: tel /mnt/share/kunjue.com/Application/Runtime/Cache/Home/2a94b8bda04ff446dcedd42276fc99ee.php 第 179 行.
NOTIC: [8] Undefined index: email /mnt/share/kunjue.com/Application/Runtime/Cache/Home/2a94b8bda04ff446dcedd42276fc99ee.php 第 180 行.
INFO: Run Behavior\ParseTemplateBehavior [ RunTime:0.078566s ]
INFO: [ view_parse ] --END-- [ RunTime:0.078609s ]
INFO: [ view_filter ] --START--
INFO: Run Behavior\WriteHtmlCacheBehavior [ RunTime:0.007293s ]
INFO: [ view_filter ] --END-- [ RunTime:0.007333s ]
INFO: [ app_end ] --START--
INFO: Run Behavior\ShowPageTraceBehavior [ RunTime:0.006295s ]
INFO: [ app_end ] --END-- [ RunTime:0.006326s ]

[ 2016-10-24T15:45:34+08:00 ] 192.168.188.184 /
INFO: [ app_init ] --START--
INFO: Run Behavior\BuildLiteBehavior [ RunTime:0.000013s ]
INFO: [ app_init ] --END-- [ RunTime:0.000071s ]
INFO: [ app_begin ] --START--
INFO: Run Behavior\ReadHtmlCacheBehavior [ RunTime:0.008040s ]
INFO: [ app_begin ] --END-- [ RunTime:0.008102s ]
SQL: SHOW COLUMNS FROM `think_config` [ RunTime:0.0006s ]
SQL: SELECT `title`,`keywords`,`description`,`image`,`conact`,`url`,`flink`,`carousel`,`sum`,`is_shard`,`copyright`,`icp`,`shard`,`code`,`date`,`site_show`,`status` FROM `think_config` LIMIT 1   [ RunTime:0.0002s ]
SQL: SHOW COLUMNS FROM `think_column` [ RunTime:0.0004s ]
SQL: SELECT `id`,`fid`,`title`,`name`,`type`,`uri`,`last`,`tpl` FROM `think_column` WHERE ( status=0 ) ORDER BY sort asc  [ RunTime:0.0001s ]
SQL: SELECT `id`,`fid`,`title`,`name`,`type`,`uri`,`last`,`tpl` FROM `think_column` WHERE ( status=0 ) ORDER BY sort asc  [ RunTime:0.0001s ]
SQL: SHOW COLUMNS FROM `think_article` [ RunTime:0.0006s ]
SQL: SELECT `id`,`gid`,`column_id`,`title`,`author`,`keywords`,`description`,`ico`,`image`,`file`,`content`,`extend`,`hits`,`com`,`hot`,`new`,`head`,`top`,`img`,`total`,`deplete`,`create_time`,`startTime`,`endTime`,`status` FROM `think_article` WHERE `com` = 1 AND `status` = 0 LIMIT 12   [ RunTime:0.0001s ]
SQL: SHOW COLUMNS FROM `think_carousel` [ RunTime:0.0012s ]
SQL: SELECT `title`,`url`,`description`,`image`,`sort`,`status`,`time` FROM `think_carousel` ORDER BY sort asc LIMIT 3   [ RunTime:0.0001s ]
INFO: [ view_parse ] --START--
INFO: [ template_filter ] --START--
INFO: Run Behavior\ContentReplaceBehavior [ RunTime:0.000095s ]
INFO: [ template_filter ] --END-- [ RunTime:0.000134s ]
NOTIC: [8] Undefined index: address /mnt/share/kunjue.com/Application/Runtime/Cache/Home/2a94b8bda04ff446dcedd42276fc99ee.php 第 177 行.
NOTIC: [8] Undefined index: phone /mnt/share/kunjue.com/Application/Runtime/Cache/Home/2a94b8bda04ff446dcedd42276fc99ee.php 第 178 行.
NOTIC: [8] Undefined index: tel /mnt/share/kunjue.com/Application/Runtime/Cache/Home/2a94b8bda04ff446dcedd42276fc99ee.php 第 179 行.
NOTIC: [8] Undefined index: email /mnt/share/kunjue.com/Application/Runtime/Cache/Home/2a94b8bda04ff446dcedd42276fc99ee.php 第 180 行.
INFO: Run Behavior\ParseTemplateBehavior [ RunTime:0.236584s ]
INFO: [ view_parse ] --END-- [ RunTime:0.236631s ]
INFO: [ view_filter ] --START--
INFO: Run Behavior\WriteHtmlCacheBehavior [ RunTime:0.060755s ]
INFO: [ view_filter ] --END-- [ RunTime:0.060917s ]
INFO: [ app_end ] --START--
INFO: Run Behavior\ShowPageTraceBehavior [ RunTime:0.014428s ]
INFO: [ app_end ] --END-- [ RunTime:0.014586s ]

[ 2016-10-24T15:45:35+08:00 ] 192.168.188.184 /cupping.html
INFO: [ app_init ] --START--
INFO: Run Behavior\BuildLiteBehavior [ RunTime:0.000013s ]
INFO: [ app_init ] --END-- [ RunTime:0.000065s ]
INFO: [ app_begin ] --START--
INFO: Run Behavior\ReadHtmlCacheBehavior [ RunTime:0.009088s ]
INFO: [ app_begin ] --END-- [ RunTime:0.009140s ]
SQL: SHOW COLUMNS FROM `think_config` [ RunTime:0.0006s ]
SQL: SELECT `title`,`keywords`,`description`,`image`,`conact`,`url`,`flink`,`carousel`,`sum`,`is_shard`,`copyright`,`icp`,`shard`,`code`,`date`,`site_show`,`status` FROM `think_config` LIMIT 1   [ RunTime:0.0001s ]
SQL: SHOW COLUMNS FROM `think_column` [ RunTime:0.0004s ]
SQL: SELECT `id`,`fid`,`title`,`name`,`type`,`uri`,`last`,`tpl` FROM `think_column` WHERE ( status=0 ) ORDER BY sort asc  [ RunTime:0.0001s ]
SQL: SELECT `id`,`fid`,`title`,`type`,`uri`,`name`,`last`,`tpl` FROM `think_column` WHERE `status` = 0 AND `name` = 'cupping' ORDER BY sort asc LIMIT 1   [ RunTime:0.0002s ]
SQL: SELECT `id`,`fid`,`title`,`name`,`type`,`uri`,`last`,`tpl` FROM `think_column` WHERE ( status=0 and fid=2 ) ORDER BY sort asc  [ RunTime:0.0003s ]
SQL: SELECT `id`,`fid`,`title`,`name`,`type`,`uri`,`last`,`tpl` FROM `think_column` WHERE ( status=0 ) ORDER BY sort asc  [ RunTime:0.0003s ]
SQL: SHOW COLUMNS FROM `think_article` [ RunTime:0.0009s ]
SQL: SELECT `id`,`gid`,`column_id`,`title`,`author`,`keywords`,`description`,`ico`,`image`,`file`,`content`,`extend`,`hits`,`com`,`hot`,`new`,`head`,`top`,`img`,`total`,`deplete`,`create_time`,`startTime`,`endTime`,`status` FROM `think_article` WHERE `com` = 1 AND `status` = 0 LIMIT 12   [ RunTime:0.0001s ]
SQL: SELECT `id`,`title` FROM `think_column` WHERE `name` = 'cupping' LIMIT 1   [ RunTime:0.0002s ]
SQL: SHOW COLUMNS FROM `think_carousel` [ RunTime:0.0012s ]
SQL: SELECT `title`,`url`,`description`,`image`,`sort`,`status`,`time` FROM `think_carousel` ORDER BY sort asc LIMIT 3   [ RunTime:0.0001s ]
INFO: [ view_parse ] --START--
INFO: [ template_filter ] --START--
INFO: Run Behavior\ContentReplaceBehavior [ RunTime:0.000078s ]
INFO: [ template_filter ] --END-- [ RunTime:0.000115s ]
NOTIC: [8] Undefined index: address /mnt/share/kunjue.com/Application/Runtime/Cache/Home/c26d2cb935f08bf20a3cf6a7f962c54d.php 第 93 行.
NOTIC: [8] Undefined index: phone /mnt/share/kunjue.com/Application/Runtime/Cache/Home/c26d2cb935f08bf20a3cf6a7f962c54d.php 第 94 行.
NOTIC: [8] Undefined index: tel /mnt/share/kunjue.com/Application/Runtime/Cache/Home/c26d2cb935f08bf20a3cf6a7f962c54d.php 第 95 行.
NOTIC: [8] Undefined index: email /mnt/share/kunjue.com/Application/Runtime/Cache/Home/c26d2cb935f08bf20a3cf6a7f962c54d.php 第 96 行.
INFO: Run Behavior\ParseTemplateBehavior [ RunTime:0.111280s ]
INFO: [ view_parse ] --END-- [ RunTime:0.111430s ]
INFO: [ view_filter ] --START--
INFO: Run Behavior\WriteHtmlCacheBehavior [ RunTime:0.010972s ]
INFO: [ view_filter ] --END-- [ RunTime:0.011018s ]
INFO: [ app_end ] --START--
INFO: Run Behavior\ShowPageTraceBehavior [ RunTime:0.008247s ]
INFO: [ app_end ] --END-- [ RunTime:0.008294s ]

